  INT 1
  MOV [10],A
  MOV [11],B
  INT 3
  INT 5
  MOV [20],A
  MOV [21],B
  INT 3
  INT 6
  MOV [30],A
  MOV [31],B
  MOV [0],1
  MOV [1],1
  MOV [2],1
  MOV [3],1
  MOV [4],4
  ADD B,2
  JLT 19,B,4
  SUB B,4
  MOV [B],0
  MOV C,[20]
  MOV D,[21]
  MOV E,[21]
  MOV F,[21]
  DEC D
  INC F
  DEC C
  MOV A,C
  MOV B,E
  INT 7
  JEQ 46,A,0
  MOV A,C
  MOV B,D
  INT 7
  JGT 48,A,0
  MOV A,C
  MOV B,F
  INT 7
  JGT 48,A,0
  MOV A,C
  MOV B,E
  XOR A,[10]
  XOR B,[11]
  OR A,B
  JEQ 48,A,0
  MOV PC,26
  MOV [3],0
  DEC [4]
  MOV C,[20]
  MOV D,[21]
  MOV E,[21]
  MOV F,[21]
  DEC D
  INC F
  INC C
  MOV A,C
  MOV B,E
  INT 7
  JEQ 74,A,0
  MOV A,C
  MOV B,D
  INT 7
  JGT 76,A,0
  MOV A,C
  MOV B,F
  INT 7
  JGT 76,A,0
  MOV A,C
  MOV B,E
  XOR A,[10]
  XOR B,[11]
  OR A,B
  JEQ 76,A,0
  MOV PC,54
  MOV [1],0
  DEC [4]
  MOV C,[21]
  MOV D,[20]
  MOV E,[20]
  MOV F,[20]
  DEC D
  INC F
  DEC C
  MOV A,E
  MOV B,C
  INT 7
  JEQ 102,A,0
  MOV A,D
  MOV B,C
  INT 7
  JGT 104,A,0
  MOV A,F
  MOV B,C
  INT 7
  JGT 104,A,0
  MOV A,E
  MOV B,C
  XOR A,[10]
  XOR B,[11]
  OR A,B
  JEQ 104,A,0
  MOV PC,82
  MOV [0],0
  DEC [4]
  MOV C,[21]
  MOV D,[20]
  MOV E,[20]
  MOV F,[20]
  DEC D
  INC F
  INC C
  MOV A,E
  MOV B,C
  INT 7
  JEQ 130,A,0
  MOV A,D
  MOV B,C
  INT 7
  JGT 132,A,0
  MOV A,F
  MOV B,C
  INT 7
  JGT 132,A,0
  MOV A,E
  MOV B,C
  XOR A,[10]
  XOR B,[11]
  OR A,B
  JEQ 132,A,0
  MOV PC,110
  MOV [2],0
  DEC [4]
  JEQ 197,[30],1
  MOV F,10
  MOV A,F
  MUL A,3
  ADD A,100
  MOV B,A
  INC B
  MOV C,B
  INC C
  JEQ 143,[20],[A]
  MOV PC,147
  JEQ 145,[21],[B]
  MOV PC,147
  MOV D,[C]
  MOV [D],0
  JLT 158,[4],3
  MOV D,A
  MOV E,A
  ADD E,3
  MOV [E],[D]
  INC D
  INC E
  MOV [E],[D]
  INC D
  INC E
  MOV [E],[D]
  DEC F
  JLT 134,F,255
  MOV A,[31]
  MOV [5],0
  JEQ 167,[0],0
  JEQ 167,[21],[11]
  JLT 167,[21],[11]
  MOV A,0
  INC [5]
  JEQ 172,[1],0
  JEQ 172,[20],[10]
  JGT 172,[20],[10]
  MOV A,1
  INC [5]
  JEQ 177,[2],0
  JEQ 177,[21],[11]
  JGT 177,[21],[11]
  MOV A,2
  INC [5]
  JEQ 182,[3],0
  JEQ 182,[20],[10]
  JLT 182,[20],[10]
  MOV A,3
  INC [5]
  JGT 191,[5],0
  JEQ 185,[0],0
  MOV A,0
  JEQ 187,[1],0
  MOV A,1
  JEQ 189,[2],0
  MOV A,2
  JEQ 191,[3],0
  MOV A,3
  JLT 195,[4],3
  MOV [100],[20]
  MOV [101],[21]
  MOV [102],A
  INT 0
  HLT
  MOV A,[31]
  JEQ 201,[0],0
  JGT 201,[21],[11]
  MOV A,0
  JEQ 204,[1],0
  JLT 204,[20],[10]
  MOV A,1
  JEQ 207,[2],0
  JLT 207,[21],[11]
  MOV A,2
  JEQ 210,[3],0
  JGT 210,[20],[10]
  MOV A,3
  INT 0
  HLT
