LD 0 1
LD 0 0
LDC 0
TSEL 13 13
LDC 0
TSEL 10 10
LDC 0
JOIN
LDC 1
JOIN
LD 0 0
SEL 6 8
RTN
LDF 4
LDC 0
TSEL 7939 7939
LDC 0
TSEL 36 36
LDC 0
TSEL 34 34
LDC 0
TSEL 32 32
LDC 0
TSEL 30 30
LDC 0
TSEL 28 28
LD 4 0
RTN
LDF 26
RTN
LDF 24
RTN
LDF 22
RTN
LDF 20
RTN
LDF 18
LDC 0
TSEL 7936 7936
LDC 0
TSEL 63 63
LDC 0
TSEL 61 61
LDC 0
TSEL 59 59
LDC 0
TSEL 57 57
LDC 0
TSEL 55 55
LDC 0
TSEL 53 53
LD 0 0
RTN
LDF 51
RTN
LDF 49
RTN
LDF 47
RTN
LDF 45
RTN
LDF 43
RTN
LDF 41
LDC 0
TSEL 7933 7933
LDC 0
LDC 0
TSEL 7930 7930
LDC 0
TSEL 178 178
LDC 0
TSEL 176 176
LDC 0
TSEL 174 174
LDC 0
TSEL 172 172
LDC 0
TSEL 170 170
LDC 0
TSEL 163 163
LDC 0
TSEL 117 117
LD 0 0
LD 1 0
LD 2 0
LDC 1
ADD
LD 3 0
LDC 1
ADD
LD 4 0
CDR
CDR
LD 7 0
AP 1
AP 1
AP 1
AP 1
AP 1
JOIN
LD 0 0
LD 1 0
LD 2 0
LD 3 0
LDC 1
ADD
LD 4 0
CDR
CAR
LD 7 0
AP 1
AP 1
AP 1
AP 1
AP 1
JOIN
LD 0 0
LD 2 0
LDC 1
ADD
CGTE
SEL 83 101
JOIN
LDC 0
TSEL 156 156
LD 0 0
LD 1 0
LD 2 0
LDC 1
ADD
LD 3 0
LD 4 0
CAR
CDR
LD 7 0
AP 1
AP 1
AP 1
AP 1
AP 1
JOIN
LD 0 0
LD 1 0
LD 2 0
LD 3 0
LD 4 0
CAR
CAR
LD 7 0
AP 1
AP 1
AP 1
AP 1
AP 1
JOIN
LD 0 0
LD 2 0
LDC 1
ADD
CGTE
SEL 126 142
JOIN
LD 1 0
LD 3 0
LDC 1
ADD
CGTE
SEL 81 124
RTN
LDF 79
RTN
LDF 77
RTN
LDF 75
RTN
LDF 73
RTN
LDF 71
LDC 0
TSEL 7927 7927
LDC 0
TSEL 191 191
LDC 0
LDC 0
LD 0 0
LD 1 0
AP 1
AP 1
AP 1
RTN
LDF 183
LDC 0
TSEL 7924 7924
LDC 0
TSEL 363 363
LDC 0
TSEL 361 361
LDC 0
TSEL 359 359
LDC 0
TSEL 357 357
LDC 0
TSEL 355 355
LDC 0
TSEL 353 353
LDC 0
TSEL 346 346
LDC 0
TSEL 272 272
LD 5 0
CAR
CAR
LD 5 0
CAR
CDR
CONS
LD 5 0
CDR
CAR
LD 0 0
LD 1 0
LD 2 0
LD 3 0
LDC 1
ADD
LD 4 0
LDC 1
ADD
LD 5 0
CDR
CDR
LD 9 0
AP 1
AP 1
AP 1
AP 1
AP 1
AP 1
CONS
CONS
JOIN
LD 5 0
CAR
CAR
LD 5 0
CAR
CDR
CONS
LD 0 0
LD 1 0
LD 2 0
LD 3 0
LD 4 0
LDC 1
ADD
LD 5 0
CDR
CAR
LD 9 0
AP 1
AP 1
AP 1
AP 1
AP 1
AP 1
LD 5 0
CDR
CDR
CONS
CONS
JOIN
LD 1 0
LD 3 0
LDC 1
ADD
CGTE
SEL 210 242
JOIN
LDC 0
TSEL 339 339
LD 5 0
CAR
CAR
LD 0 0
LD 1 0
LD 2 0
LD 3 0
LDC 1
ADD
LD 4 0
LD 5 0
CAR
CDR
LD 9 0
AP 1
AP 1
AP 1
AP 1
AP 1
AP 1
CONS
LD 5 0
CDR
CAR
LD 5 0
CDR
CDR
CONS
CONS
JOIN
LD 0 0
LD 1 0
LD 2 0
LD 3 0
LD 4 0
LD 5 0
CAR
CAR
LD 9 0
AP 1
AP 1
AP 1
AP 1
AP 1
AP 1
LD 5 0
CAR
CDR
CONS
LD 5 0
CDR
CAR
LD 5 0
CDR
CDR
CONS
CONS
JOIN
LD 1 0
LD 3 0
LDC 1
ADD
CGTE
SEL 281 311
JOIN
LD 2 0
LD 4 0
LDC 1
ADD
CGTE
SEL 208 279
RTN
LDF 206
RTN
LDF 204
RTN
LDF 202
RTN
LDF 200
RTN
LDF 198
RTN
LDF 196
LDC 0
TSEL 7921 7921
LDC 0
TSEL 376 376
LDC 0
LDC 0
LD 0 0
LD 1 0
AP 1
AP 1
AP 1
RTN
LDF 368
LDC 0
TSEL 7918 7918
LD 4 0
LD 4 0
CONS
LD 4 0
LD 4 0
CONS
CONS
LDC 0
TSEL 7915 7915
LDC 0
TSEL 497 497
LDC 0
TSEL 495 495
LDC 0
TSEL 493 493
LDC 0
TSEL 491 491
LDC 0
TSEL 489 489
LDC 0
TSEL 482 482
LDC 0
TSEL 436 436
LD 0 0
LD 1 0
LD 2 0
LDC 2
ADD
LD 3 0
LDC 2
ADD
LD 4 0
CDR
CDR
LD 9 0
AP 1
AP 1
AP 1
AP 1
AP 1
JOIN
LD 0 0
LD 1 0
LD 2 0
LD 3 0
LDC 2
ADD
LD 4 0
CDR
CAR
LD 9 0
AP 1
AP 1
AP 1
AP 1
AP 1
JOIN
LD 0 0
LD 2 0
LDC 2
ADD
CGTE
SEL 402 420
JOIN
LDC 0
TSEL 475 475
LD 0 0
LD 1 0
LD 2 0
LDC 2
ADD
LD 3 0
LD 4 0
CAR
CDR
LD 9 0
AP 1
AP 1
AP 1
AP 1
AP 1
JOIN
LD 0 0
LD 1 0
LD 2 0
LD 3 0
LD 4 0
CAR
CAR
LD 9 0
AP 1
AP 1
AP 1
AP 1
AP 1
JOIN
LD 0 0
LD 2 0
LDC 2
ADD
CGTE
SEL 445 461
JOIN
LD 1 0
LD 3 0
LDC 2
ADD
CGTE
SEL 400 443
RTN
LDF 398
RTN
LDF 396
RTN
LDF 394
RTN
LDF 392
RTN
LDF 390
LDC 0
TSEL 7912 7912
LDC 0
TSEL 510 510
LDC 0
LDC 0
LD 0 0
LD 1 0
AP 1
AP 1
AP 1
RTN
LDF 502
LDC 0
TSEL 7909 7909
LDC 0
TSEL 682 682
LDC 0
TSEL 680 680
LDC 0
TSEL 678 678
LDC 0
TSEL 676 676
LDC 0
TSEL 674 674
LDC 0
TSEL 672 672
LDC 0
TSEL 665 665
LDC 0
TSEL 591 591
LD 5 0
CAR
CAR
LD 5 0
CAR
CDR
CONS
LD 5 0
CDR
CAR
LD 0 0
LD 1 0
LD 2 0
LD 3 0
LDC 2
ADD
LD 4 0
LDC 2
ADD
LD 5 0
CDR
CDR
LD 10 0
AP 1
AP 1
AP 1
AP 1
AP 1
AP 1
CONS
CONS
JOIN
LD 5 0
CAR
CAR
LD 5 0
CAR
CDR
CONS
LD 0 0
LD 1 0
LD 2 0
LD 3 0
LD 4 0
LDC 2
ADD
LD 5 0
CDR
CAR
LD 10 0
AP 1
AP 1
AP 1
AP 1
AP 1
AP 1
LD 5 0
CDR
CDR
CONS
CONS
JOIN
LD 1 0
LD 3 0
LDC 2
ADD
CGTE
SEL 529 561
JOIN
LDC 0
TSEL 658 658
LD 5 0
CAR
CAR
LD 0 0
LD 1 0
LD 2 0
LD 3 0
LDC 2
ADD
LD 4 0
LD 5 0
CAR
CDR
LD 10 0
AP 1
AP 1
AP 1
AP 1
AP 1
AP 1
CONS
LD 5 0
CDR
CAR
LD 5 0
CDR
CDR
CONS
CONS
JOIN
LD 0 0
LD 1 0
LD 2 0
LD 3 0
LD 4 0
LD 5 0
CAR
CAR
LD 10 0
AP 1
AP 1
AP 1
AP 1
AP 1
AP 1
LD 5 0
CAR
CDR
CONS
LD 5 0
CDR
CAR
LD 5 0
CDR
CDR
CONS
CONS
JOIN
LD 1 0
LD 3 0
LDC 2
ADD
CGTE
SEL 600 630
JOIN
LD 2 0
LD 4 0
LDC 2
ADD
CGTE
SEL 527 598
RTN
LDF 525
RTN
LDF 523
RTN
LDF 521
RTN
LDF 519
RTN
LDF 517
RTN
LDF 515
LDC 0
TSEL 7906 7906
LDC 0
TSEL 695 695
LDC 0
LDC 0
LD 0 0
LD 1 0
AP 1
AP 1
AP 1
RTN
LDF 687
LDC 0
TSEL 7903 7903
LD 4 0
LD 4 0
CONS
LD 4 0
LD 4 0
CONS
CONS
LDC 0
TSEL 7900 7900
LDC 0
TSEL 816 816
LDC 0
TSEL 814 814
LDC 0
TSEL 812 812
LDC 0
TSEL 810 810
LDC 0
TSEL 808 808
LDC 0
TSEL 801 801
LDC 0
TSEL 755 755
LD 0 0
LD 1 0
LD 2 0
LDC 4
ADD
LD 3 0
LDC 4
ADD
LD 4 0
CDR
CDR
LD 9 0
AP 1
AP 1
AP 1
AP 1
AP 1
JOIN
LD 0 0
LD 1 0
LD 2 0
LD 3 0
LDC 4
ADD
LD 4 0
CDR
CAR
LD 9 0
AP 1
AP 1
AP 1
AP 1
AP 1
JOIN
LD 0 0
LD 2 0
LDC 4
ADD
CGTE
SEL 721 739
JOIN
LDC 0
TSEL 794 794
LD 0 0
LD 1 0
LD 2 0
LDC 4
ADD
LD 3 0
LD 4 0
CAR
CDR
LD 9 0
AP 1
AP 1
AP 1
AP 1
AP 1
JOIN
LD 0 0
LD 1 0
LD 2 0
LD 3 0
LD 4 0
CAR
CAR
LD 9 0
AP 1
AP 1
AP 1
AP 1
AP 1
JOIN
LD 0 0
LD 2 0
LDC 4
ADD
CGTE
SEL 764 780
JOIN
LD 1 0
LD 3 0
LDC 4
ADD
CGTE
SEL 719 762
RTN
LDF 717
RTN
LDF 715
RTN
LDF 713
RTN
LDF 711
RTN
LDF 709
LDC 0
TSEL 7897 7897
LDC 0
TSEL 829 829
LDC 0
LDC 0
LD 0 0
LD 1 0
AP 1
AP 1
AP 1
RTN
LDF 821
LDC 0
TSEL 7894 7894
LDC 0
TSEL 1001 1001
LDC 0
TSEL 999 999
LDC 0
TSEL 997 997
LDC 0
TSEL 995 995
LDC 0
TSEL 993 993
LDC 0
TSEL 991 991
LDC 0
TSEL 984 984
LDC 0
TSEL 910 910
LD 5 0
CAR
CAR
LD 5 0
CAR
CDR
CONS
LD 5 0
CDR
CAR
LD 0 0
LD 1 0
LD 2 0
LD 3 0
LDC 4
ADD
LD 4 0
LDC 4
ADD
LD 5 0
CDR
CDR
LD 10 0
AP 1
AP 1
AP 1
AP 1
AP 1
AP 1
CONS
CONS
JOIN
LD 5 0
CAR
CAR
LD 5 0
CAR
CDR
CONS
LD 0 0
LD 1 0
LD 2 0
LD 3 0
LD 4 0
LDC 4
ADD
LD 5 0
CDR
CAR
LD 10 0
AP 1
AP 1
AP 1
AP 1
AP 1
AP 1
LD 5 0
CDR
CDR
CONS
CONS
JOIN
LD 1 0
LD 3 0
LDC 4
ADD
CGTE
SEL 848 880
JOIN
LDC 0
TSEL 977 977
LD 5 0
CAR
CAR
LD 0 0
LD 1 0
LD 2 0
LD 3 0
LDC 4
ADD
LD 4 0
LD 5 0
CAR
CDR
LD 10 0
AP 1
AP 1
AP 1
AP 1
AP 1
AP 1
CONS
LD 5 0
CDR
CAR
LD 5 0
CDR
CDR
CONS
CONS
JOIN
LD 0 0
LD 1 0
LD 2 0
LD 3 0
LD 4 0
LD 5 0
CAR
CAR
LD 10 0
AP 1
AP 1
AP 1
AP 1
AP 1
AP 1
LD 5 0
CAR
CDR
CONS
LD 5 0
CDR
CAR
LD 5 0
CDR
CDR
CONS
CONS
JOIN
LD 1 0
LD 3 0
LDC 4
ADD
CGTE
SEL 919 949
JOIN
LD 2 0
LD 4 0
LDC 4
ADD
CGTE
SEL 846 917
RTN
LDF 844
RTN
LDF 842
RTN
LDF 840
RTN
LDF 838
RTN
LDF 836
RTN
LDF 834
LDC 0
TSEL 7891 7891
LDC 0
TSEL 1014 1014
LDC 0
LDC 0
LD 0 0
LD 1 0
AP 1
AP 1
AP 1
RTN
LDF 1006
LDC 0
TSEL 7888 7888
LD 4 0
LD 4 0
CONS
LD 4 0
LD 4 0
CONS
CONS
LDC 0
TSEL 7885 7885
LDC 0
TSEL 1135 1135
LDC 0
TSEL 1133 1133
LDC 0
TSEL 1131 1131
LDC 0
TSEL 1129 1129
LDC 0
TSEL 1127 1127
LDC 0
TSEL 1120 1120
LDC 0
TSEL 1074 1074
LD 0 0
LD 1 0
LD 2 0
LDC 8
ADD
LD 3 0
LDC 8
ADD
LD 4 0
CDR
CDR
LD 9 0
AP 1
AP 1
AP 1
AP 1
AP 1
JOIN
LD 0 0
LD 1 0
LD 2 0
LD 3 0
LDC 8
ADD
LD 4 0
CDR
CAR
LD 9 0
AP 1
AP 1
AP 1
AP 1
AP 1
JOIN
LD 0 0
LD 2 0
LDC 8
ADD
CGTE
SEL 1040 1058
JOIN
LDC 0
TSEL 1113 1113
LD 0 0
LD 1 0
LD 2 0
LDC 8
ADD
LD 3 0
LD 4 0
CAR
CDR
LD 9 0
AP 1
AP 1
AP 1
AP 1
AP 1
JOIN
LD 0 0
LD 1 0
LD 2 0
LD 3 0
LD 4 0
CAR
CAR
LD 9 0
AP 1
AP 1
AP 1
AP 1
AP 1
JOIN
LD 0 0
LD 2 0
LDC 8
ADD
CGTE
SEL 1083 1099
JOIN
LD 1 0
LD 3 0
LDC 8
ADD
CGTE
SEL 1038 1081
RTN
LDF 1036
RTN
LDF 1034
RTN
LDF 1032
RTN
LDF 1030
RTN
LDF 1028
LDC 0
TSEL 7882 7882
LDC 0
TSEL 1148 1148
LDC 0
LDC 0
LD 0 0
LD 1 0
AP 1
AP 1
AP 1
RTN
LDF 1140
LDC 0
TSEL 7879 7879
LDC 0
TSEL 1320 1320
LDC 0
TSEL 1318 1318
LDC 0
TSEL 1316 1316
LDC 0
TSEL 1314 1314
LDC 0
TSEL 1312 1312
LDC 0
TSEL 1310 1310
LDC 0
TSEL 1303 1303
LDC 0
TSEL 1229 1229
LD 5 0
CAR
CAR
LD 5 0
CAR
CDR
CONS
LD 5 0
CDR
CAR
LD 0 0
LD 1 0
LD 2 0
LD 3 0
LDC 8
ADD
LD 4 0
LDC 8
ADD
LD 5 0
CDR
CDR
LD 10 0
AP 1
AP 1
AP 1
AP 1
AP 1
AP 1
CONS
CONS
JOIN
LD 5 0
CAR
CAR
LD 5 0
CAR
CDR
CONS
LD 0 0
LD 1 0
LD 2 0
LD 3 0
LD 4 0
LDC 8
ADD
LD 5 0
CDR
CAR
LD 10 0
AP 1
AP 1
AP 1
AP 1
AP 1
AP 1
LD 5 0
CDR
CDR
CONS
CONS
JOIN
LD 1 0
LD 3 0
LDC 8
ADD
CGTE
SEL 1167 1199
JOIN
LDC 0
TSEL 1296 1296
LD 5 0
CAR
CAR
LD 0 0
LD 1 0
LD 2 0
LD 3 0
LDC 8
ADD
LD 4 0
LD 5 0
CAR
CDR
LD 10 0
AP 1
AP 1
AP 1
AP 1
AP 1
AP 1
CONS
LD 5 0
CDR
CAR
LD 5 0
CDR
CDR
CONS
CONS
JOIN
LD 0 0
LD 1 0
LD 2 0
LD 3 0
LD 4 0
LD 5 0
CAR
CAR
LD 10 0
AP 1
AP 1
AP 1
AP 1
AP 1
AP 1
LD 5 0
CAR
CDR
CONS
LD 5 0
CDR
CAR
LD 5 0
CDR
CDR
CONS
CONS
JOIN
LD 1 0
LD 3 0
LDC 8
ADD
CGTE
SEL 1238 1268
JOIN
LD 2 0
LD 4 0
LDC 8
ADD
CGTE
SEL 1165 1236
RTN
LDF 1163
RTN
LDF 1161
RTN
LDF 1159
RTN
LDF 1157
RTN
LDF 1155
RTN
LDF 1153
LDC 0
TSEL 7876 7876
LDC 0
TSEL 1333 1333
LDC 0
LDC 0
LD 0 0
LD 1 0
AP 1
AP 1
AP 1
RTN
LDF 1325
LDC 0
TSEL 7873 7873
LD 4 0
LD 4 0
CONS
LD 4 0
LD 4 0
CONS
CONS
LDC 0
TSEL 7870 7870
LDC 0
TSEL 1454 1454
LDC 0
TSEL 1452 1452
LDC 0
TSEL 1450 1450
LDC 0
TSEL 1448 1448
LDC 0
TSEL 1446 1446
LDC 0
TSEL 1439 1439
LDC 0
TSEL 1393 1393
LD 0 0
LD 1 0
LD 2 0
LDC 16
ADD
LD 3 0
LDC 16
ADD
LD 4 0
CDR
CDR
LD 9 0
AP 1
AP 1
AP 1
AP 1
AP 1
JOIN
LD 0 0
LD 1 0
LD 2 0
LD 3 0
LDC 16
ADD
LD 4 0
CDR
CAR
LD 9 0
AP 1
AP 1
AP 1
AP 1
AP 1
JOIN
LD 0 0
LD 2 0
LDC 16
ADD
CGTE
SEL 1359 1377
JOIN
LDC 0
TSEL 1432 1432
LD 0 0
LD 1 0
LD 2 0
LDC 16
ADD
LD 3 0
LD 4 0
CAR
CDR
LD 9 0
AP 1
AP 1
AP 1
AP 1
AP 1
JOIN
LD 0 0
LD 1 0
LD 2 0
LD 3 0
LD 4 0
CAR
CAR
LD 9 0
AP 1
AP 1
AP 1
AP 1
AP 1
JOIN
LD 0 0
LD 2 0
LDC 16
ADD
CGTE
SEL 1402 1418
JOIN
LD 1 0
LD 3 0
LDC 16
ADD
CGTE
SEL 1357 1400
RTN
LDF 1355
RTN
LDF 1353
RTN
LDF 1351
RTN
LDF 1349
RTN
LDF 1347
LDC 0
TSEL 7867 7867
LDC 0
TSEL 1467 1467
LDC 0
LDC 0
LD 0 0
LD 1 0
AP 1
AP 1
AP 1
RTN
LDF 1459
LDC 0
TSEL 7864 7864
LDC 0
TSEL 1639 1639
LDC 0
TSEL 1637 1637
LDC 0
TSEL 1635 1635
LDC 0
TSEL 1633 1633
LDC 0
TSEL 1631 1631
LDC 0
TSEL 1629 1629
LDC 0
TSEL 1622 1622
LDC 0
TSEL 1548 1548
LD 5 0
CAR
CAR
LD 5 0
CAR
CDR
CONS
LD 5 0
CDR
CAR
LD 0 0
LD 1 0
LD 2 0
LD 3 0
LDC 16
ADD
LD 4 0
LDC 16
ADD
LD 5 0
CDR
CDR
LD 10 0
AP 1
AP 1
AP 1
AP 1
AP 1
AP 1
CONS
CONS
JOIN
LD 5 0
CAR
CAR
LD 5 0
CAR
CDR
CONS
LD 0 0
LD 1 0
LD 2 0
LD 3 0
LD 4 0
LDC 16
ADD
LD 5 0
CDR
CAR
LD 10 0
AP 1
AP 1
AP 1
AP 1
AP 1
AP 1
LD 5 0
CDR
CDR
CONS
CONS
JOIN
LD 1 0
LD 3 0
LDC 16
ADD
CGTE
SEL 1486 1518
JOIN
LDC 0
TSEL 1615 1615
LD 5 0
CAR
CAR
LD 0 0
LD 1 0
LD 2 0
LD 3 0
LDC 16
ADD
LD 4 0
LD 5 0
CAR
CDR
LD 10 0
AP 1
AP 1
AP 1
AP 1
AP 1
AP 1
CONS
LD 5 0
CDR
CAR
LD 5 0
CDR
CDR
CONS
CONS
JOIN
LD 0 0
LD 1 0
LD 2 0
LD 3 0
LD 4 0
LD 5 0
CAR
CAR
LD 10 0
AP 1
AP 1
AP 1
AP 1
AP 1
AP 1
LD 5 0
CAR
CDR
CONS
LD 5 0
CDR
CAR
LD 5 0
CDR
CDR
CONS
CONS
JOIN
LD 1 0
LD 3 0
LDC 16
ADD
CGTE
SEL 1557 1587
JOIN
LD 2 0
LD 4 0
LDC 16
ADD
CGTE
SEL 1484 1555
RTN
LDF 1482
RTN
LDF 1480
RTN
LDF 1478
RTN
LDF 1476
RTN
LDF 1474
RTN
LDF 1472
LDC 0
TSEL 7861 7861
LDC 0
TSEL 1652 1652
LDC 0
LDC 0
LD 0 0
LD 1 0
AP 1
AP 1
AP 1
RTN
LDF 1644
LDC 0
TSEL 7858 7858
LD 4 0
LD 4 0
CONS
LD 4 0
LD 4 0
CONS
CONS
LDC 0
TSEL 7855 7855
LDC 0
TSEL 1684 1684
LDC 0
TSEL 1682 1682
LDC 0
TSEL 1680 1680
LDC 0
TSEL 1678 1678
LDC 0
TSEL 1676 1676
LD 4 0
RTN
LDF 1674
RTN
LDF 1672
RTN
LDF 1670
RTN
LDF 1668
RTN
LDF 1666
LDC 0
TSEL 7852 7852
LDC 0
TSEL 1711 1711
LDC 0
TSEL 1709 1709
LDC 0
TSEL 1707 1707
LDC 0
TSEL 1705 1705
LDC 0
TSEL 1703 1703
LDC 0
TSEL 1701 1701
LD 0 0
RTN
LDF 1699
RTN
LDF 1697
RTN
LDF 1695
RTN
LDF 1693
RTN
LDF 1691
RTN
LDF 1689
LDC 0
TSEL 7849 7849
LDC 0
LDC 0
TSEL 7846 7846
LDC 0
TSEL 1826 1826
LDC 0
TSEL 1824 1824
LDC 0
TSEL 1822 1822
LDC 0
TSEL 1820 1820
LDC 0
TSEL 1818 1818
LDC 0
TSEL 1811 1811
LDC 0
TSEL 1765 1765
LD 0 0
LD 1 0
LD 2 0
LDC 1
ADD
LD 3 0
LDC 1
ADD
LD 4 0
CDR
CDR
LD 7 0
AP 1
AP 1
AP 1
AP 1
AP 1
JOIN
LD 0 0
LD 1 0
LD 2 0
LD 3 0
LDC 1
ADD
LD 4 0
CDR
CAR
LD 7 0
AP 1
AP 1
AP 1
AP 1
AP 1
JOIN
LD 0 0
LD 2 0
LDC 1
ADD
CGTE
SEL 1731 1749
JOIN
LDC 0
TSEL 1804 1804
LD 0 0
LD 1 0
LD 2 0
LDC 1
ADD
LD 3 0
LD 4 0
CAR
CDR
LD 7 0
AP 1
AP 1
AP 1
AP 1
AP 1
JOIN
LD 0 0
LD 1 0
LD 2 0
LD 3 0
LD 4 0
CAR
CAR
LD 7 0
AP 1
AP 1
AP 1
AP 1
AP 1
JOIN
LD 0 0
LD 2 0
LDC 1
ADD
CGTE
SEL 1774 1790
JOIN
LD 1 0
LD 3 0
LDC 1
ADD
CGTE
SEL 1729 1772
RTN
LDF 1727
RTN
LDF 1725
RTN
LDF 1723
RTN
LDF 1721
RTN
LDF 1719
LDC 0
TSEL 7843 7843
LDC 0
TSEL 1839 1839
LDC 0
LDC 0
LD 0 0
LD 1 0
AP 1
AP 1
AP 1
RTN
LDF 1831
LDC 0
TSEL 7840 7840
LDC 0
TSEL 2011 2011
LDC 0
TSEL 2009 2009
LDC 0
TSEL 2007 2007
LDC 0
TSEL 2005 2005
LDC 0
TSEL 2003 2003
LDC 0
TSEL 2001 2001
LDC 0
TSEL 1994 1994
LDC 0
TSEL 1920 1920
LD 5 0
CAR
CAR
LD 5 0
CAR
CDR
CONS
LD 5 0
CDR
CAR
LD 0 0
LD 1 0
LD 2 0
LD 3 0
LDC 1
ADD
LD 4 0
LDC 1
ADD
LD 5 0
CDR
CDR
LD 9 0
AP 1
AP 1
AP 1
AP 1
AP 1
AP 1
CONS
CONS
JOIN
LD 5 0
CAR
CAR
LD 5 0
CAR
CDR
CONS
LD 0 0
LD 1 0
LD 2 0
LD 3 0
LD 4 0
LDC 1
ADD
LD 5 0
CDR
CAR
LD 9 0
AP 1
AP 1
AP 1
AP 1
AP 1
AP 1
LD 5 0
CDR
CDR
CONS
CONS
JOIN
LD 1 0
LD 3 0
LDC 1
ADD
CGTE
SEL 1858 1890
JOIN
LDC 0
TSEL 1987 1987
LD 5 0
CAR
CAR
LD 0 0
LD 1 0
LD 2 0
LD 3 0
LDC 1
ADD
LD 4 0
LD 5 0
CAR
CDR
LD 9 0
AP 1
AP 1
AP 1
AP 1
AP 1
AP 1
CONS
LD 5 0
CDR
CAR
LD 5 0
CDR
CDR
CONS
CONS
JOIN
LD 0 0
LD 1 0
LD 2 0
LD 3 0
LD 4 0
LD 5 0
CAR
CAR
LD 9 0
AP 1
AP 1
AP 1
AP 1
AP 1
AP 1
LD 5 0
CAR
CDR
CONS
LD 5 0
CDR
CAR
LD 5 0
CDR
CDR
CONS
CONS
JOIN
LD 1 0
LD 3 0
LDC 1
ADD
CGTE
SEL 1929 1959
JOIN
LD 2 0
LD 4 0
LDC 1
ADD
CGTE
SEL 1856 1927
RTN
LDF 1854
RTN
LDF 1852
RTN
LDF 1850
RTN
LDF 1848
RTN
LDF 1846
RTN
LDF 1844
LDC 0
TSEL 7837 7837
LDC 0
TSEL 2024 2024
LDC 0
LDC 0
LD 0 0
LD 1 0
AP 1
AP 1
AP 1
RTN
LDF 2016
LDC 0
TSEL 7834 7834
LD 4 0
LD 4 0
CONS
LD 4 0
LD 4 0
CONS
CONS
LDC 0
TSEL 7831 7831
LDC 0
TSEL 2145 2145
LDC 0
TSEL 2143 2143
LDC 0
TSEL 2141 2141
LDC 0
TSEL 2139 2139
LDC 0
TSEL 2137 2137
LDC 0
TSEL 2130 2130
LDC 0
TSEL 2084 2084
LD 0 0
LD 1 0
LD 2 0
LDC 2
ADD
LD 3 0
LDC 2
ADD
LD 4 0
CDR
CDR
LD 9 0
AP 1
AP 1
AP 1
AP 1
AP 1
JOIN
LD 0 0
LD 1 0
LD 2 0
LD 3 0
LDC 2
ADD
LD 4 0
CDR
CAR
LD 9 0
AP 1
AP 1
AP 1
AP 1
AP 1
JOIN
LD 0 0
LD 2 0
LDC 2
ADD
CGTE
SEL 2050 2068
JOIN
LDC 0
TSEL 2123 2123
LD 0 0
LD 1 0
LD 2 0
LDC 2
ADD
LD 3 0
LD 4 0
CAR
CDR
LD 9 0
AP 1
AP 1
AP 1
AP 1
AP 1
JOIN
LD 0 0
LD 1 0
LD 2 0
LD 3 0
LD 4 0
CAR
CAR
LD 9 0
AP 1
AP 1
AP 1
AP 1
AP 1
JOIN
LD 0 0
LD 2 0
LDC 2
ADD
CGTE
SEL 2093 2109
JOIN
LD 1 0
LD 3 0
LDC 2
ADD
CGTE
SEL 2048 2091
RTN
LDF 2046
RTN
LDF 2044
RTN
LDF 2042
RTN
LDF 2040
RTN
LDF 2038
LDC 0
TSEL 7828 7828
LDC 0
TSEL 2158 2158
LDC 0
LDC 0
LD 0 0
LD 1 0
AP 1
AP 1
AP 1
RTN
LDF 2150
LDC 0
TSEL 7825 7825
LDC 0
TSEL 2330 2330
LDC 0
TSEL 2328 2328
LDC 0
TSEL 2326 2326
LDC 0
TSEL 2324 2324
LDC 0
TSEL 2322 2322
LDC 0
TSEL 2320 2320
LDC 0
TSEL 2313 2313
LDC 0
TSEL 2239 2239
LD 5 0
CAR
CAR
LD 5 0
CAR
CDR
CONS
LD 5 0
CDR
CAR
LD 0 0
LD 1 0
LD 2 0
LD 3 0
LDC 2
ADD
LD 4 0
LDC 2
ADD
LD 5 0
CDR
CDR
LD 10 0
AP 1
AP 1
AP 1
AP 1
AP 1
AP 1
CONS
CONS
JOIN
LD 5 0
CAR
CAR
LD 5 0
CAR
CDR
CONS
LD 0 0
LD 1 0
LD 2 0
LD 3 0
LD 4 0
LDC 2
ADD
LD 5 0
CDR
CAR
LD 10 0
AP 1
AP 1
AP 1
AP 1
AP 1
AP 1
LD 5 0
CDR
CDR
CONS
CONS
JOIN
LD 1 0
LD 3 0
LDC 2
ADD
CGTE
SEL 2177 2209
JOIN
LDC 0
TSEL 2306 2306
LD 5 0
CAR
CAR
LD 0 0
LD 1 0
LD 2 0
LD 3 0
LDC 2
ADD
LD 4 0
LD 5 0
CAR
CDR
LD 10 0
AP 1
AP 1
AP 1
AP 1
AP 1
AP 1
CONS
LD 5 0
CDR
CAR
LD 5 0
CDR
CDR
CONS
CONS
JOIN
LD 0 0
LD 1 0
LD 2 0
LD 3 0
LD 4 0
LD 5 0
CAR
CAR
LD 10 0
AP 1
AP 1
AP 1
AP 1
AP 1
AP 1
LD 5 0
CAR
CDR
CONS
LD 5 0
CDR
CAR
LD 5 0
CDR
CDR
CONS
CONS
JOIN
LD 1 0
LD 3 0
LDC 2
ADD
CGTE
SEL 2248 2278
JOIN
LD 2 0
LD 4 0
LDC 2
ADD
CGTE
SEL 2175 2246
RTN
LDF 2173
RTN
LDF 2171
RTN
LDF 2169
RTN
LDF 2167
RTN
LDF 2165
RTN
LDF 2163
LDC 0
TSEL 7822 7822
LDC 0
TSEL 2343 2343
LDC 0
LDC 0
LD 0 0
LD 1 0
AP 1
AP 1
AP 1
RTN
LDF 2335
LDC 0
TSEL 7819 7819
LD 4 0
LD 4 0
CONS
LD 4 0
LD 4 0
CONS
CONS
LDC 0
TSEL 7816 7816
LDC 0
TSEL 2464 2464
LDC 0
TSEL 2462 2462
LDC 0
TSEL 2460 2460
LDC 0
TSEL 2458 2458
LDC 0
TSEL 2456 2456
LDC 0
TSEL 2449 2449
LDC 0
TSEL 2403 2403
LD 0 0
LD 1 0
LD 2 0
LDC 4
ADD
LD 3 0
LDC 4
ADD
LD 4 0
CDR
CDR
LD 9 0
AP 1
AP 1
AP 1
AP 1
AP 1
JOIN
LD 0 0
LD 1 0
LD 2 0
LD 3 0
LDC 4
ADD
LD 4 0
CDR
CAR
LD 9 0
AP 1
AP 1
AP 1
AP 1
AP 1
JOIN
LD 0 0
LD 2 0
LDC 4
ADD
CGTE
SEL 2369 2387
JOIN
LDC 0
TSEL 2442 2442
LD 0 0
LD 1 0
LD 2 0
LDC 4
ADD
LD 3 0
LD 4 0
CAR
CDR
LD 9 0
AP 1
AP 1
AP 1
AP 1
AP 1
JOIN
LD 0 0
LD 1 0
LD 2 0
LD 3 0
LD 4 0
CAR
CAR
LD 9 0
AP 1
AP 1
AP 1
AP 1
AP 1
JOIN
LD 0 0
LD 2 0
LDC 4
ADD
CGTE
SEL 2412 2428
JOIN
LD 1 0
LD 3 0
LDC 4
ADD
CGTE
SEL 2367 2410
RTN
LDF 2365
RTN
LDF 2363
RTN
LDF 2361
RTN
LDF 2359
RTN
LDF 2357
LDC 0
TSEL 7813 7813
LDC 0
TSEL 2477 2477
LDC 0
LDC 0
LD 0 0
LD 1 0
AP 1
AP 1
AP 1
RTN
LDF 2469
LDC 0
TSEL 7810 7810
LDC 0
TSEL 2649 2649
LDC 0
TSEL 2647 2647
LDC 0
TSEL 2645 2645
LDC 0
TSEL 2643 2643
LDC 0
TSEL 2641 2641
LDC 0
TSEL 2639 2639
LDC 0
TSEL 2632 2632
LDC 0
TSEL 2558 2558
LD 5 0
CAR
CAR
LD 5 0
CAR
CDR
CONS
LD 5 0
CDR
CAR
LD 0 0
LD 1 0
LD 2 0
LD 3 0
LDC 4
ADD
LD 4 0
LDC 4
ADD
LD 5 0
CDR
CDR
LD 10 0
AP 1
AP 1
AP 1
AP 1
AP 1
AP 1
CONS
CONS
JOIN
LD 5 0
CAR
CAR
LD 5 0
CAR
CDR
CONS
LD 0 0
LD 1 0
LD 2 0
LD 3 0
LD 4 0
LDC 4
ADD
LD 5 0
CDR
CAR
LD 10 0
AP 1
AP 1
AP 1
AP 1
AP 1
AP 1
LD 5 0
CDR
CDR
CONS
CONS
JOIN
LD 1 0
LD 3 0
LDC 4
ADD
CGTE
SEL 2496 2528
JOIN
LDC 0
TSEL 2625 2625
LD 5 0
CAR
CAR
LD 0 0
LD 1 0
LD 2 0
LD 3 0
LDC 4
ADD
LD 4 0
LD 5 0
CAR
CDR
LD 10 0
AP 1
AP 1
AP 1
AP 1
AP 1
AP 1
CONS
LD 5 0
CDR
CAR
LD 5 0
CDR
CDR
CONS
CONS
JOIN
LD 0 0
LD 1 0
LD 2 0
LD 3 0
LD 4 0
LD 5 0
CAR
CAR
LD 10 0
AP 1
AP 1
AP 1
AP 1
AP 1
AP 1
LD 5 0
CAR
CDR
CONS
LD 5 0
CDR
CAR
LD 5 0
CDR
CDR
CONS
CONS
JOIN
LD 1 0
LD 3 0
LDC 4
ADD
CGTE
SEL 2567 2597
JOIN
LD 2 0
LD 4 0
LDC 4
ADD
CGTE
SEL 2494 2565
RTN
LDF 2492
RTN
LDF 2490
RTN
LDF 2488
RTN
LDF 2486
RTN
LDF 2484
RTN
LDF 2482
LDC 0
TSEL 7807 7807
LDC 0
TSEL 2662 2662
LDC 0
LDC 0
LD 0 0
LD 1 0
AP 1
AP 1
AP 1
RTN
LDF 2654
LDC 0
TSEL 7804 7804
LD 4 0
LD 4 0
CONS
LD 4 0
LD 4 0
CONS
CONS
LDC 0
TSEL 7801 7801
LDC 0
TSEL 2783 2783
LDC 0
TSEL 2781 2781
LDC 0
TSEL 2779 2779
LDC 0
TSEL 2777 2777
LDC 0
TSEL 2775 2775
LDC 0
TSEL 2768 2768
LDC 0
TSEL 2722 2722
LD 0 0
LD 1 0
LD 2 0
LDC 8
ADD
LD 3 0
LDC 8
ADD
LD 4 0
CDR
CDR
LD 9 0
AP 1
AP 1
AP 1
AP 1
AP 1
JOIN
LD 0 0
LD 1 0
LD 2 0
LD 3 0
LDC 8
ADD
LD 4 0
CDR
CAR
LD 9 0
AP 1
AP 1
AP 1
AP 1
AP 1
JOIN
LD 0 0
LD 2 0
LDC 8
ADD
CGTE
SEL 2688 2706
JOIN
LDC 0
TSEL 2761 2761
LD 0 0
LD 1 0
LD 2 0
LDC 8
ADD
LD 3 0
LD 4 0
CAR
CDR
LD 9 0
AP 1
AP 1
AP 1
AP 1
AP 1
JOIN
LD 0 0
LD 1 0
LD 2 0
LD 3 0
LD 4 0
CAR
CAR
LD 9 0
AP 1
AP 1
AP 1
AP 1
AP 1
JOIN
LD 0 0
LD 2 0
LDC 8
ADD
CGTE
SEL 2731 2747
JOIN
LD 1 0
LD 3 0
LDC 8
ADD
CGTE
SEL 2686 2729
RTN
LDF 2684
RTN
LDF 2682
RTN
LDF 2680
RTN
LDF 2678
RTN
LDF 2676
LDC 0
TSEL 7798 7798
LDC 0
TSEL 2796 2796
LDC 0
LDC 0
LD 0 0
LD 1 0
AP 1
AP 1
AP 1
RTN
LDF 2788
LDC 0
TSEL 7795 7795
LDC 0
TSEL 2968 2968
LDC 0
TSEL 2966 2966
LDC 0
TSEL 2964 2964
LDC 0
TSEL 2962 2962
LDC 0
TSEL 2960 2960
LDC 0
TSEL 2958 2958
LDC 0
TSEL 2951 2951
LDC 0
TSEL 2877 2877
LD 5 0
CAR
CAR
LD 5 0
CAR
CDR
CONS
LD 5 0
CDR
CAR
LD 0 0
LD 1 0
LD 2 0
LD 3 0
LDC 8
ADD
LD 4 0
LDC 8
ADD
LD 5 0
CDR
CDR
LD 10 0
AP 1
AP 1
AP 1
AP 1
AP 1
AP 1
CONS
CONS
JOIN
LD 5 0
CAR
CAR
LD 5 0
CAR
CDR
CONS
LD 0 0
LD 1 0
LD 2 0
LD 3 0
LD 4 0
LDC 8
ADD
LD 5 0
CDR
CAR
LD 10 0
AP 1
AP 1
AP 1
AP 1
AP 1
AP 1
LD 5 0
CDR
CDR
CONS
CONS
JOIN
LD 1 0
LD 3 0
LDC 8
ADD
CGTE
SEL 2815 2847
JOIN
LDC 0
TSEL 2944 2944
LD 5 0
CAR
CAR
LD 0 0
LD 1 0
LD 2 0
LD 3 0
LDC 8
ADD
LD 4 0
LD 5 0
CAR
CDR
LD 10 0
AP 1
AP 1
AP 1
AP 1
AP 1
AP 1
CONS
LD 5 0
CDR
CAR
LD 5 0
CDR
CDR
CONS
CONS
JOIN
LD 0 0
LD 1 0
LD 2 0
LD 3 0
LD 4 0
LD 5 0
CAR
CAR
LD 10 0
AP 1
AP 1
AP 1
AP 1
AP 1
AP 1
LD 5 0
CAR
CDR
CONS
LD 5 0
CDR
CAR
LD 5 0
CDR
CDR
CONS
CONS
JOIN
LD 1 0
LD 3 0
LDC 8
ADD
CGTE
SEL 2886 2916
JOIN
LD 2 0
LD 4 0
LDC 8
ADD
CGTE
SEL 2813 2884
RTN
LDF 2811
RTN
LDF 2809
RTN
LDF 2807
RTN
LDF 2805
RTN
LDF 2803
RTN
LDF 2801
LDC 0
TSEL 7792 7792
LDC 0
TSEL 2981 2981
LDC 0
LDC 0
LD 0 0
LD 1 0
AP 1
AP 1
AP 1
RTN
LDF 2973
LDC 0
TSEL 7789 7789
LD 4 0
LD 4 0
CONS
LD 4 0
LD 4 0
CONS
CONS
LDC 0
TSEL 7786 7786
LDC 0
TSEL 3102 3102
LDC 0
TSEL 3100 3100
LDC 0
TSEL 3098 3098
LDC 0
TSEL 3096 3096
LDC 0
TSEL 3094 3094
LDC 0
TSEL 3087 3087
LDC 0
TSEL 3041 3041
LD 0 0
LD 1 0
LD 2 0
LDC 16
ADD
LD 3 0
LDC 16
ADD
LD 4 0
CDR
CDR
LD 9 0
AP 1
AP 1
AP 1
AP 1
AP 1
JOIN
LD 0 0
LD 1 0
LD 2 0
LD 3 0
LDC 16
ADD
LD 4 0
CDR
CAR
LD 9 0
AP 1
AP 1
AP 1
AP 1
AP 1
JOIN
LD 0 0
LD 2 0
LDC 16
ADD
CGTE
SEL 3007 3025
JOIN
LDC 0
TSEL 3080 3080
LD 0 0
LD 1 0
LD 2 0
LDC 16
ADD
LD 3 0
LD 4 0
CAR
CDR
LD 9 0
AP 1
AP 1
AP 1
AP 1
AP 1
JOIN
LD 0 0
LD 1 0
LD 2 0
LD 3 0
LD 4 0
CAR
CAR
LD 9 0
AP 1
AP 1
AP 1
AP 1
AP 1
JOIN
LD 0 0
LD 2 0
LDC 16
ADD
CGTE
SEL 3050 3066
JOIN
LD 1 0
LD 3 0
LDC 16
ADD
CGTE
SEL 3005 3048
RTN
LDF 3003
RTN
LDF 3001
RTN
LDF 2999
RTN
LDF 2997
RTN
LDF 2995
LDC 0
TSEL 7783 7783
LDC 0
TSEL 3115 3115
LDC 0
LDC 0
LD 0 0
LD 1 0
AP 1
AP 1
AP 1
RTN
LDF 3107
LDC 0
TSEL 7780 7780
LDC 0
TSEL 3287 3287
LDC 0
TSEL 3285 3285
LDC 0
TSEL 3283 3283
LDC 0
TSEL 3281 3281
LDC 0
TSEL 3279 3279
LDC 0
TSEL 3277 3277
LDC 0
TSEL 3270 3270
LDC 0
TSEL 3196 3196
LD 5 0
CAR
CAR
LD 5 0
CAR
CDR
CONS
LD 5 0
CDR
CAR
LD 0 0
LD 1 0
LD 2 0
LD 3 0
LDC 16
ADD
LD 4 0
LDC 16
ADD
LD 5 0
CDR
CDR
LD 10 0
AP 1
AP 1
AP 1
AP 1
AP 1
AP 1
CONS
CONS
JOIN
LD 5 0
CAR
CAR
LD 5 0
CAR
CDR
CONS
LD 0 0
LD 1 0
LD 2 0
LD 3 0
LD 4 0
LDC 16
ADD
LD 5 0
CDR
CAR
LD 10 0
AP 1
AP 1
AP 1
AP 1
AP 1
AP 1
LD 5 0
CDR
CDR
CONS
CONS
JOIN
LD 1 0
LD 3 0
LDC 16
ADD
CGTE
SEL 3134 3166
JOIN
LDC 0
TSEL 3263 3263
LD 5 0
CAR
CAR
LD 0 0
LD 1 0
LD 2 0
LD 3 0
LDC 16
ADD
LD 4 0
LD 5 0
CAR
CDR
LD 10 0
AP 1
AP 1
AP 1
AP 1
AP 1
AP 1
CONS
LD 5 0
CDR
CAR
LD 5 0
CDR
CDR
CONS
CONS
JOIN
LD 0 0
LD 1 0
LD 2 0
LD 3 0
LD 4 0
LD 5 0
CAR
CAR
LD 10 0
AP 1
AP 1
AP 1
AP 1
AP 1
AP 1
LD 5 0
CAR
CDR
CONS
LD 5 0
CDR
CAR
LD 5 0
CDR
CDR
CONS
CONS
JOIN
LD 1 0
LD 3 0
LDC 16
ADD
CGTE
SEL 3205 3235
JOIN
LD 2 0
LD 4 0
LDC 16
ADD
CGTE
SEL 3132 3203
RTN
LDF 3130
RTN
LDF 3128
RTN
LDF 3126
RTN
LDF 3124
RTN
LDF 3122
RTN
LDF 3120
LDC 0
TSEL 7777 7777
LDC 0
TSEL 3300 3300
LDC 0
LDC 0
LD 0 0
LD 1 0
AP 1
AP 1
AP 1
RTN
LDF 3292
LDC 0
TSEL 7774 7774
LD 4 0
LD 4 0
CONS
LD 4 0
LD 4 0
CONS
CONS
LDC 0
TSEL 7771 7771
LDC 0
TSEL 3322 3322
LDC 0
TSEL 3320 3320
LD 1 0
LD 0 0
CEQ
RTN
LDF 3316
RTN
LDF 3314
LDC 0
TSEL 7768 7768
LDC 0
TSEL 3337 3337
LDC 0
TSEL 3335 3335
LD 1 0
LD 0 0
CGT
LD 59 0
AP 1
RTN
LDF 3329
RTN
LDF 3327
LDC 0
TSEL 7765 7765
LDC 0
TSEL 3390 3390
LD 0 0
CDR
ATOM
TSEL 3346 3349
LD 0 0
CAR
RTN
LD 0 0
CAR
LD 0 0
CDR
CAR
LDC 0
TSEL 3368 3368
LDC 0
TSEL 3366 3366
LD 1 0
LD 0 0
CDR
CONS
LD 0 0
CAR
CONS
RTN
LDF 3358
RTN
LDF 3356
AP 1
AP 1
LD 0 0
CDR
CDR
CONS
LD 1 0
TAP 1
LDC 0
LDC 0
CONS
LD 1 0
CONS
LD 0 0
AP 1
RTN
DUM 1
LDF 3342
LDF 3377
RAP 1
RTN
LDF 3385
LDC 0
TSEL 7762 7762
LDC 0
TSEL 3461 3461
LD 0 0
LDC 0
TSEL 3449 3449
LDC 0
TSEL 3447 3447
LDC 0
TSEL 3443 3443
LD 0 0
JOIN
LDC 0
TSEL 3439 3439
LD 1 0
JOIN
LDC 0
TSEL 3430 3430
LD 1 0
CAR
LD 0 0
LD 1 0
CDR
LD 3 0
AP 1
AP 1
CONS
JOIN
LD 0 0
CAR
LD 1 0
LD 0 0
CDR
LD 3 0
AP 1
AP 1
CONS
JOIN
LD 0 0
CAR
LD 1 0
CAR
LD 6 0
AP 1
AP 1
SEL 3410 3420
JOIN
LD 0 0
ATOM
SEL 3406 3408
JOIN
LD 1 0
ATOM
SEL 3402 3404
RTN
LDF 3400
RTN
LDF 3398
AP 1
RTN
LD 1 0
LD 0 0
AP 1
RTN
DUM 1
LDF 3395
LDF 3452
RAP 1
RTN
LDF 3456
LDC 0
TSEL 7759 7759
LDC 0
TSEL 3524 3524
LD 0 0
LDC 0
TSEL 3512 3512
LDC 0
TSEL 3508 3508
LDC 0
JOIN
LDC 0
TSEL 3503 3503
LD 0 0
JOIN
LD 0 0
LD 5 0
AP 1
LDC 0
TSEL 3484 3484
LD 0 0
RTN
LDF 3482
AP 1
LDC 0
TSEL 3500 3500
LD 0 0
CDR
LD 3 0
AP 1
LD 0 0
CAR
LD 3 0
AP 1
LD 5 0
AP 1
AP 1
RTN
LDF 3488
AP 1
JOIN
LD 0 0
CDR
ATOM
SEL 3475 3477
JOIN
LD 0 0
ATOM
SEL 3471 3473
RTN
LDF 3469
AP 1
RTN
LD 1 0
LD 0 0
AP 1
RTN
DUM 1
LDF 3466
LDF 3515
RAP 1
RTN
LDF 3519
LDC 0
TSEL 7756 7756
LDC 0
TSEL 3571 3571
LD 0 0
CDR
ATOM
TSEL 3533 3536
LD 0 0
CAR
RTN
LD 0 0
CAR
LD 0 0
CDR
CAR
LDC 0
TSEL 3551 3551
LDC 0
TSEL 3549 3549
LD 0 0
LDC 1
ADD
RTN
LDF 3545
RTN
LDF 3543
AP 1
AP 1
LD 0 0
CDR
CDR
CONS
LD 1 0
TAP 1
LDC 0
LD 1 0
CONS
LD 0 0
AP 1
RTN
DUM 1
LDF 3529
LDF 3560
RAP 1
RTN
LDF 3566
LDC 0
TSEL 7753 7753
LDC 0
LDC 0
CONS
LDC 0
TSEL 7750 7750
LDC 0
TSEL 3597 3597
LDC 0
TSEL 3595 3595
LDC 0
TSEL 3593 3593
LDC 1
LD 2 0
LD 1 0
LD 0 0
CONS
CONS
CONS
RTN
LDF 3585
RTN
LDF 3583
RTN
LDF 3581
LDC 0
TSEL 7747 7747
LDC 0
TSEL 3755 3755
LD 0 0
LDC 0
TSEL 3743 3743
LDC 0
TSEL 3741 3741
LDC 0
TSEL 3739 3739
LDC 0
TSEL 3735 3735
LD 7 0
JOIN
LD 1 0
LDC 2
DIV
LDC 0
TSEL 3668 3668
LD 0 0
CDR
TSEL 3621 3652
LD 0 0
CAR
LD 0 0
CDR
LDC 0
TSEL 3642 3642
LDC 0
TSEL 3640 3640
LD 0 0
CDR
CAR
LD 0 0
CAR
CONS
LD 0 0
CDR
CDR
CONS
RTN
LDF 3629
RTN
LDF 3627
AP 1
AP 1
LD 0 0
CDR
LDC 1
SUB
CONS
LD 1 0
TAP 1
LD 0 0
CAR
RTN
LDC 0
LD 2 0
CONS
LD 1 0
CONS
LD 0 0
AP 1
RTN
DUM 1
LDF 3618
LDF 3655
RAP 1
RTN
LDF 3663
AP 1
LDC 0
TSEL 3732 3732
LD 0 0
CAR
LD 2 0
LDC 2
DIV
LD 3 0
LD 71 0
AP 1
LD 5 0
AP 1
AP 1
AP 1
LDC 0
TSEL 3729 3729
LD 1 0
CDR
CDR
LD 3 0
LDC 1
SUB
LDC 2
DIV
LD 4 0
LD 6 0
AP 1
AP 1
AP 1
LDC 0
TSEL 3726 3726
LDC 0
TSEL 3723 3723
LD 0 0
LD 2 0
CDR
CAR
LD 1 0
LD 9 0
AP 1
AP 1
AP 1
JOIN
LD 1 0
LD 2 0
CDR
CAR
LD 0 0
LD 9 0
AP 1
AP 1
AP 1
JOIN
LD 5 0
SEL 3703 3713
RTN
LDF 3701
AP 1
RTN
LDF 3686
AP 1
RTN
LDF 3672
AP 1
JOIN
LD 0 0
ATOM
SEL 3611 3613
RTN
LDF 3609
RTN
LDF 3607
RTN
LDF 3605
AP 1
RTN
LD 1 0
LD 0 0
AP 1
RTN
DUM 1
LDF 3602
LDF 3746
RAP 1
RTN
LDF 3750
LDC 0
TSEL 7744 7744
LDC 0
TSEL 3784 3784
LD 0 0
LD 4 0
AP 1
LDC 0
TSEL 3781 3781
LD 1 0
LD 6 0
AP 1
LDC 0
TSEL 3778 3778
LD 0 0
LD 1 0
LDC 1
LD 3 0
AP 1
AP 1
AP 1
RTN
LDF 3770
AP 1
RTN
LDF 3765
AP 1
RTN
LDF 3760
LDC 0
TSEL 7741 7741
LDC 0
TSEL 3815 3815
LDC 0
TSEL 3813 3813
LD 0 0
CDR
LDC 0
TSEL 3807 3807
LDC 0
TSEL 3799 3799
LDC 0
RTN
LDF 3797
AP 1
LDC 0
TSEL 3805 3805
LDC 0
RTN
LDF 3803
AP 1
LD 0 0
CAR
LDC 0
CGT
SEL 3795 3801
RTN
LDF 3791
RTN
LDF 3789
LDC 0
TSEL 7738 7738
LDC 0
TSEL 3849 3849
LDC 0
TSEL 3847 3847
LDC 0
TSEL 3840 3840
LD 1 0
CDR
LD 0 0
CDR
CGT
LD 69 0
AP 1
JOIN
LD 1 0
CAR
LD 0 0
CAR
CGT
LD 69 0
AP 1
JOIN
LD 1 0
CAR
LD 0 0
CAR
CEQ
SEL 3824 3832
RTN
LDF 3822
RTN
LDF 3820
LDC 0
TSEL 7735 7735
LDC 0
TSEL 3883 3883
LDC 0
TSEL 3881 3881
LDC 0
TSEL 3874 3874
LD 1 0
CDR
LD 0 0
CDR
CGT
LD 70 0
AP 1
JOIN
LD 1 0
CAR
LD 0 0
CAR
CGT
LD 70 0
AP 1
JOIN
LD 1 0
CAR
LD 0 0
CAR
CEQ
SEL 3858 3866
RTN
LDF 3856
RTN
LDF 3854
LDC 0
TSEL 7732 7732
LDC 0
TSEL 3936 3936
LD 0 0
CDR
ATOM
TSEL 3892 3895
LD 0 0
CAR
RTN
LD 0 0
CAR
LD 0 0
CDR
CAR
LDC 0
TSEL 3914 3914
LDC 0
TSEL 3912 3912
LD 1 0
LD 0 0
CDR
CONS
LD 0 0
CAR
CONS
RTN
LDF 3904
RTN
LDF 3902
AP 1
AP 1
LD 0 0
CDR
CDR
CONS
LD 1 0
TAP 1
LDC 0
LDC 0
CONS
LD 1 0
CONS
LD 0 0
AP 1
RTN
DUM 1
LDF 3888
LDF 3923
RAP 1
RTN
LDF 3931
LDC 0
TSEL 7729 7729
LDC 0
TSEL 4007 4007
LD 0 0
LDC 0
TSEL 3995 3995
LDC 0
TSEL 3993 3993
LDC 0
TSEL 3989 3989
LD 0 0
JOIN
LDC 0
TSEL 3985 3985
LD 1 0
JOIN
LDC 0
TSEL 3976 3976
LD 1 0
CAR
LD 0 0
LD 1 0
CDR
LD 3 0
AP 1
AP 1
CONS
JOIN
LD 0 0
CAR
LD 1 0
LD 0 0
CDR
LD 3 0
AP 1
AP 1
CONS
JOIN
LD 0 0
CAR
LD 1 0
CAR
LD 6 0
AP 1
AP 1
SEL 3956 3966
JOIN
LD 0 0
ATOM
SEL 3952 3954
JOIN
LD 1 0
ATOM
SEL 3948 3950
RTN
LDF 3946
RTN
LDF 3944
AP 1
RTN
LD 1 0
LD 0 0
AP 1
RTN
DUM 1
LDF 3941
LDF 3998
RAP 1
RTN
LDF 4002
LDC 0
TSEL 7726 7726
LDC 0
TSEL 4070 4070
LD 0 0
LDC 0
TSEL 4058 4058
LDC 0
TSEL 4054 4054
LDC 0
JOIN
LDC 0
TSEL 4049 4049
LD 0 0
JOIN
LD 0 0
LD 5 0
AP 1
LDC 0
TSEL 4030 4030
LD 0 0
RTN
LDF 4028
AP 1
LDC 0
TSEL 4046 4046
LD 0 0
CDR
LD 3 0
AP 1
LD 0 0
CAR
LD 3 0
AP 1
LD 5 0
AP 1
AP 1
RTN
LDF 4034
AP 1
JOIN
LD 0 0
CDR
ATOM
SEL 4021 4023
JOIN
LD 0 0
ATOM
SEL 4017 4019
RTN
LDF 4015
AP 1
RTN
LD 1 0
LD 0 0
AP 1
RTN
DUM 1
LDF 4012
LDF 4061
RAP 1
RTN
LDF 4065
LDC 0
TSEL 7723 7723
LDC 0
TSEL 4117 4117
LD 0 0
CDR
ATOM
TSEL 4079 4082
LD 0 0
CAR
RTN
LD 0 0
CAR
LD 0 0
CDR
CAR
LDC 0
TSEL 4097 4097
LDC 0
TSEL 4095 4095
LD 0 0
LDC 1
ADD
RTN
LDF 4091
RTN
LDF 4089
AP 1
AP 1
LD 0 0
CDR
CDR
CONS
LD 1 0
TAP 1
LDC 0
LD 1 0
CONS
LD 0 0
AP 1
RTN
DUM 1
LDF 4075
LDF 4106
RAP 1
RTN
LDF 4112
LDC 0
TSEL 7720 7720
LDC 0
LDC 0
CONS
LDC 0
TSEL 7717 7717
LDC 0
TSEL 4143 4143
LDC 0
TSEL 4141 4141
LDC 0
TSEL 4139 4139
LDC 1
LD 2 0
LD 1 0
LD 0 0
CONS
CONS
CONS
RTN
LDF 4131
RTN
LDF 4129
RTN
LDF 4127
LDC 0
TSEL 7714 7714
LDC 0
TSEL 4301 4301
LD 0 0
LDC 0
TSEL 4289 4289
LDC 0
TSEL 4287 4287
LDC 0
TSEL 4285 4285
LDC 0
TSEL 4281 4281
LD 7 0
JOIN
LD 1 0
LDC 2
DIV
LDC 0
TSEL 4214 4214
LD 0 0
CDR
TSEL 4167 4198
LD 0 0
CAR
LD 0 0
CDR
LDC 0
TSEL 4188 4188
LDC 0
TSEL 4186 4186
LD 0 0
CDR
CAR
LD 0 0
CAR
CONS
LD 0 0
CDR
CDR
CONS
RTN
LDF 4175
RTN
LDF 4173
AP 1
AP 1
LD 0 0
CDR
LDC 1
SUB
CONS
LD 1 0
TAP 1
LD 0 0
CAR
RTN
LDC 0
LD 2 0
CONS
LD 1 0
CONS
LD 0 0
AP 1
RTN
DUM 1
LDF 4164
LDF 4201
RAP 1
RTN
LDF 4209
AP 1
LDC 0
TSEL 4278 4278
LD 0 0
CAR
LD 2 0
LDC 2
DIV
LD 3 0
LD 82 0
AP 1
LD 5 0
AP 1
AP 1
AP 1
LDC 0
TSEL 4275 4275
LD 1 0
CDR
CDR
LD 3 0
LDC 1
SUB
LDC 2
DIV
LD 4 0
LD 6 0
AP 1
AP 1
AP 1
LDC 0
TSEL 4272 4272
LDC 0
TSEL 4269 4269
LD 0 0
LD 2 0
CDR
CAR
LD 1 0
LD 9 0
AP 1
AP 1
AP 1
JOIN
LD 1 0
LD 2 0
CDR
CAR
LD 0 0
LD 9 0
AP 1
AP 1
AP 1
JOIN
LD 5 0
SEL 4249 4259
RTN
LDF 4247
AP 1
RTN
LDF 4232
AP 1
RTN
LDF 4218
AP 1
JOIN
LD 0 0
ATOM
SEL 4157 4159
RTN
LDF 4155
RTN
LDF 4153
RTN
LDF 4151
AP 1
RTN
LD 1 0
LD 0 0
AP 1
RTN
DUM 1
LDF 4148
LDF 4292
RAP 1
RTN
LDF 4296
LDC 0
TSEL 7711 7711
LDC 0
TSEL 4330 4330
LD 0 0
LD 4 0
AP 1
LDC 0
TSEL 4327 4327
LD 1 0
LD 6 0
AP 1
LDC 0
TSEL 4324 4324
LD 0 0
LD 1 0
LDC 1
LD 3 0
AP 1
AP 1
AP 1
RTN
LDF 4316
AP 1
RTN
LDF 4311
AP 1
RTN
LDF 4306
LDC 0
TSEL 7708 7708
LDC 0
TSEL 4361 4361
LDC 0
TSEL 4359 4359
LD 0 0
CDR
LDC 0
TSEL 4353 4353
LDC 0
TSEL 4345 4345
LDC 0
RTN
LDF 4343
AP 1
LDC 0
TSEL 4351 4351
LDC 0
RTN
LDF 4349
AP 1
LD 0 0
CAR
LDC 0
CGT
SEL 4341 4347
RTN
LDF 4337
RTN
LDF 4335
LDC 0
TSEL 7705 7705
LDC 0
TSEL 4387 4387
LDC 0
TSEL 4385 4385
LDC 0
TSEL 4378 4378
LD 1 0
CDR
LD 0 0
CDR
CEQ
JOIN
LDC 0
JOIN
LD 1 0
CAR
LD 0 0
CAR
CEQ
SEL 4370 4376
RTN
LDF 4368
RTN
LDF 4366
LDC 0
TSEL 4419 4419
LDC 0
TSEL 4417 4417
LDC 0
TSEL 4415 4415
LDC 0
TSEL 4406 4406
LD 0 0
CDR
LD 1 0
CDR
LD 2 0
AP 1
AP 1
JOIN
LDC 0
JOIN
LD 0 0
CAR
LD 1 0
CAR
LD 2 0
AP 1
AP 1
SEL 4396 4404
RTN
LDF 4394
RTN
LDF 4392
RTN
LDF 4390
AP 1
LDC 0
TSEL 7702 7702
LDC 0
TSEL 4454 4454
LDC 0
TSEL 4452 4452
LDC 0
TSEL 4445 4445
LD 1 0
CDR
LD 0 0
CDR
CGT
LD 81 0
AP 1
JOIN
LD 1 0
CAR
LD 0 0
CAR
CGT
LD 81 0
AP 1
JOIN
LD 1 0
CAR
LD 0 0
CAR
CEQ
SEL 4429 4437
RTN
LDF 4427
RTN
LDF 4425
LDC 0
TSEL 4521 4521
LDC 0
TSEL 4480 4480
LDC 0
TSEL 4478 4478
LDC 0
TSEL 4471 4471
LD 1 0
CDR
LD 0 0
CDR
CEQ
JOIN
LDC 0
JOIN
LD 1 0
CAR
LD 0 0
CAR
CEQ
SEL 4463 4469
RTN
LDF 4461
RTN
LDF 4459
LDC 0
TSEL 4518 4518
LDC 0
TSEL 4516 4516
LDC 0
TSEL 4514 4514
LDC 0
TSEL 4505 4505
LD 0 0
CDR
LD 1 0
CDR
LD 3 0
AP 1
AP 1
JOIN
LD 0 0
CAR
LD 1 0
CAR
LD 3 0
AP 1
AP 1
JOIN
LD 0 0
CAR
LD 1 0
CAR
LD 2 0
AP 1
AP 1
SEL 4489 4497
RTN
LDF 4487
RTN
LDF 4485
RTN
LDF 4483
AP 1
RTN
LDF 4457
AP 1
LDC 0
TSEL 7699 7699
LDC 0
TSEL 4575 4575
LD 0 0
CDR
ATOM
TSEL 4531 4534
LD 0 0
CAR
RTN
LD 0 0
CAR
LD 0 0
CDR
CAR
LDC 0
TSEL 4553 4553
LDC 0
TSEL 4551 4551
LD 1 0
LD 0 0
CDR
CONS
LD 0 0
CAR
CONS
RTN
LDF 4543
RTN
LDF 4541
AP 1
AP 1
LD 0 0
CDR
CDR
CONS
LD 1 0
TAP 1
LDC 0
LDC 0
CONS
LD 1 0
CONS
LD 0 0
AP 1
RTN
DUM 1
LDF 4527
LDF 4562
RAP 1
RTN
LDF 4570
LDC 0
TSEL 7696 7696
LDC 0
TSEL 4646 4646
LD 0 0
LDC 0
TSEL 4634 4634
LDC 0
TSEL 4632 4632
LDC 0
TSEL 4628 4628
LD 0 0
JOIN
LDC 0
TSEL 4624 4624
LD 1 0
JOIN
LDC 0
TSEL 4615 4615
LD 1 0
CAR
LD 0 0
LD 1 0
CDR
LD 3 0
AP 1
AP 1
CONS
JOIN
LD 0 0
CAR
LD 1 0
LD 0 0
CDR
LD 3 0
AP 1
AP 1
CONS
JOIN
LD 0 0
CAR
LD 1 0
CAR
LD 6 0
AP 1
AP 1
SEL 4595 4605
JOIN
LD 0 0
ATOM
SEL 4591 4593
JOIN
LD 1 0
ATOM
SEL 4587 4589
RTN
LDF 4585
RTN
LDF 4583
AP 1
RTN
LD 1 0
LD 0 0
AP 1
RTN
DUM 1
LDF 4580
LDF 4637
RAP 1
RTN
LDF 4641
LDC 0
TSEL 7693 7693
LDC 0
TSEL 4709 4709
LD 0 0
LDC 0
TSEL 4697 4697
LDC 0
TSEL 4693 4693
LDC 0
JOIN
LDC 0
TSEL 4688 4688
LD 0 0
JOIN
LD 0 0
LD 5 0
AP 1
LDC 0
TSEL 4669 4669
LD 0 0
RTN
LDF 4667
AP 1
LDC 0
TSEL 4685 4685
LD 0 0
CDR
LD 3 0
AP 1
LD 0 0
CAR
LD 3 0
AP 1
LD 5 0
AP 1
AP 1
RTN
LDF 4673
AP 1
JOIN
LD 0 0
CDR
ATOM
SEL 4660 4662
JOIN
LD 0 0
ATOM
SEL 4656 4658
RTN
LDF 4654
AP 1
RTN
LD 1 0
LD 0 0
AP 1
RTN
DUM 1
LDF 4651
LDF 4700
RAP 1
RTN
LDF 4704
LDC 0
TSEL 7690 7690
LDC 0
TSEL 4756 4756
LD 0 0
CDR
ATOM
TSEL 4718 4721
LD 0 0
CAR
RTN
LD 0 0
CAR
LD 0 0
CDR
CAR
LDC 0
TSEL 4736 4736
LDC 0
TSEL 4734 4734
LD 0 0
LDC 1
ADD
RTN
LDF 4730
RTN
LDF 4728
AP 1
AP 1
LD 0 0
CDR
CDR
CONS
LD 1 0
TAP 1
LDC 0
LD 1 0
CONS
LD 0 0
AP 1
RTN
DUM 1
LDF 4714
LDF 4745
RAP 1
RTN
LDF 4751
LDC 0
TSEL 7687 7687
LDC 0
LDC 0
CONS
LDC 0
TSEL 7684 7684
LDC 0
TSEL 4782 4782
LDC 0
TSEL 4780 4780
LDC 0
TSEL 4778 4778
LDC 1
LD 2 0
LD 1 0
LD 0 0
CONS
CONS
CONS
RTN
LDF 4770
RTN
LDF 4768
RTN
LDF 4766
LDC 0
TSEL 7681 7681
LDC 0
TSEL 4940 4940
LD 0 0
LDC 0
TSEL 4928 4928
LDC 0
TSEL 4926 4926
LDC 0
TSEL 4924 4924
LDC 0
TSEL 4920 4920
LD 7 0
JOIN
LD 1 0
LDC 2
DIV
LDC 0
TSEL 4853 4853
LD 0 0
CDR
TSEL 4806 4837
LD 0 0
CAR
LD 0 0
CDR
LDC 0
TSEL 4827 4827
LDC 0
TSEL 4825 4825
LD 0 0
CDR
CAR
LD 0 0
CAR
CONS
LD 0 0
CDR
CDR
CONS
RTN
LDF 4814
RTN
LDF 4812
AP 1
AP 1
LD 0 0
CDR
LDC 1
SUB
CONS
LD 1 0
TAP 1
LD 0 0
CAR
RTN
LDC 0
LD 2 0
CONS
LD 1 0
CONS
LD 0 0
AP 1
RTN
DUM 1
LDF 4803
LDF 4840
RAP 1
RTN
LDF 4848
AP 1
LDC 0
TSEL 4917 4917
LD 0 0
CAR
LD 2 0
LDC 2
DIV
LD 3 0
LD 93 0
AP 1
LD 5 0
AP 1
AP 1
AP 1
LDC 0
TSEL 4914 4914
LD 1 0
CDR
CDR
LD 3 0
LDC 1
SUB
LDC 2
DIV
LD 4 0
LD 6 0
AP 1
AP 1
AP 1
LDC 0
TSEL 4911 4911
LDC 0
TSEL 4908 4908
LD 0 0
LD 2 0
CDR
CAR
LD 1 0
LD 9 0
AP 1
AP 1
AP 1
JOIN
LD 1 0
LD 2 0
CDR
CAR
LD 0 0
LD 9 0
AP 1
AP 1
AP 1
JOIN
LD 5 0
SEL 4888 4898
RTN
LDF 4886
AP 1
RTN
LDF 4871
AP 1
RTN
LDF 4857
AP 1
JOIN
LD 0 0
ATOM
SEL 4796 4798
RTN
LDF 4794
RTN
LDF 4792
RTN
LDF 4790
AP 1
RTN
LD 1 0
LD 0 0
AP 1
RTN
DUM 1
LDF 4787
LDF 4931
RAP 1
RTN
LDF 4935
LDC 0
TSEL 7678 7678
LDC 0
TSEL 4969 4969
LD 0 0
LD 4 0
AP 1
LDC 0
TSEL 4966 4966
LD 1 0
LD 6 0
AP 1
LDC 0
TSEL 4963 4963
LD 0 0
LD 1 0
LDC 1
LD 3 0
AP 1
AP 1
AP 1
RTN
LDF 4955
AP 1
RTN
LDF 4950
AP 1
RTN
LDF 4945
LDC 0
TSEL 7675 7675
LDC 0
TSEL 5000 5000
LDC 0
TSEL 4998 4998
LD 0 0
CDR
LDC 0
TSEL 4992 4992
LDC 0
TSEL 4984 4984
LDC 0
RTN
LDF 4982
AP 1
LDC 0
TSEL 4990 4990
LDC 0
RTN
LDF 4988
AP 1
LD 0 0
CAR
LDC 0
CGT
SEL 4980 4986
RTN
LDF 4976
RTN
LDF 4974
LDC 0
TSEL 7672 7672
LDC 0
TSEL 5018 5018
LDC 0
TSEL 5016 5016
LDC 0
TSEL 5013 5013
LDC 1
JOIN
LD 1 0
JOIN
LD 0 0
SEL 5009 5011
RTN
LDF 5007
RTN
LDF 5005
LDC 0
TSEL 7669 7669
LDC 0
TSEL 5036 5036
LDC 0
TSEL 5034 5034
LDC 0
TSEL 5031 5031
LD 1 0
JOIN
LDC 0
JOIN
LD 0 0
SEL 5027 5029
RTN
LDF 5025
RTN
LDF 5023
LDC 0
TSEL 7666 7666
LDC 0
TSEL 5108 5108
LDC 0
TSEL 5106 5106
LD 0 0
LDC 0
TSEL 5102 5102
LD 0 0
CDR
ATOM
TSEL 5050 5053
LD 0 0
CAR
RTN
LD 0 0
CAR
LD 0 0
CDR
CAR
LDC 0
TSEL 5080 5080
LDC 0
TSEL 5078 5078
LD 0 0
CAR
LDC 1
SUB
LDC 0
TSEL 5073 5073
LD 0 0
CDR
JOIN
LD 1 0
JOIN
LD 0 0
CAR
SEL 5068 5071
CONS
RTN
LDF 5062
RTN
LDF 5060
AP 1
AP 1
LD 0 0
CDR
CDR
CONS
LD 1 0
TAP 1
LD 3 0
LDC 0
CONS
LD 1 0
CONS
LD 0 0
AP 1
RTN
DUM 1
LDF 5046
LDF 5089
RAP 1
RTN
LDF 5097
AP 1
CDR
RTN
LDF 5043
RTN
LDF 5041
LDC 0
TSEL 7663 7663
LDC 0
TSEL 5155 5155
LD 0 0
CDR
ATOM
TSEL 5117 5120
LD 0 0
CAR
RTN
LD 0 0
CAR
LD 0 0
CDR
CAR
LDC 0
TSEL 5135 5135
LDC 0
TSEL 5133 5133
LD 0 0
LDC 1
ADD
RTN
LDF 5129
RTN
LDF 5127
AP 1
AP 1
LD 0 0
CDR
CDR
CONS
LD 1 0
TAP 1
LDC 0
LD 1 0
CONS
LD 0 0
AP 1
RTN
DUM 1
LDF 5113
LDF 5144
RAP 1
RTN
LDF 5150
LDC 0
TSEL 7660 7660
LDC 0
TSEL 5202 5202
LD 0 0
CDR
ATOM
TSEL 5164 5167
LD 0 0
CAR
RTN
LD 0 0
CAR
LD 0 0
CDR
CAR
LDC 0
TSEL 5182 5182
LDC 0
TSEL 5180 5180
LD 0 0
LD 1 0
ADD
RTN
LDF 5176
RTN
LDF 5174
AP 1
AP 1
LD 0 0
CDR
CDR
CONS
LD 1 0
TAP 1
LDC 0
LD 1 0
CONS
LD 0 0
AP 1
RTN
DUM 1
LDF 5160
LDF 5191
RAP 1
RTN
LDF 5197
LDC 0
TSEL 7657 7657
LDC 0
TSEL 5276 5276
LDC 0
TSEL 5274 5274
LD 0 0
LDC 0
TSEL 5270 5270
LD 0 0
CDR
ATOM
TSEL 5216 5219
LD 0 0
CAR
RTN
LD 0 0
CAR
LD 0 0
CDR
CAR
LDC 0
TSEL 5246 5246
LDC 0
TSEL 5244 5244
LD 0 0
CAR
LDC 1
SUB
LDC 0
TSEL 5239 5239
LD 0 0
CDR
JOIN
LD 1 0
JOIN
LD 0 0
CAR
SEL 5234 5237
CONS
RTN
LDF 5228
RTN
LDF 5226
AP 1
AP 1
LD 0 0
CDR
CDR
CONS
LD 1 0
TAP 1
LD 3 0
LDC 0
LDC 0
CONS
CONS
LD 1 0
CONS
LD 0 0
AP 1
RTN
DUM 1
LDF 5212
LDF 5255
RAP 1
RTN
LDF 5265
AP 1
CDR
RTN
LDF 5209
RTN
LDF 5207
LDC 0
TSEL 7654 7654
LDC 0
TSEL 5323 5323
LD 0 0
CDR
ATOM
TSEL 5285 5288
LD 0 0
CAR
RTN
LD 0 0
CAR
LD 0 0
CDR
CAR
LDC 0
TSEL 5303 5303
LDC 0
TSEL 5301 5301
LD 0 0
LDC 1
ADD
RTN
LDF 5297
RTN
LDF 5295
AP 1
AP 1
LD 0 0
CDR
CDR
CONS
LD 1 0
TAP 1
LDC 0
LD 1 0
CONS
LD 0 0
AP 1
RTN
DUM 1
LDF 5281
LDF 5312
RAP 1
RTN
LDF 5318
LDC 0
TSEL 7651 7651
LDC 0
TSEL 5346 5346
LDC 0
TSEL 5344 5344
LD 1 0
CDR
LD 0 0
CDR
CEQ
LD 1 0
CAR
LD 0 0
CAR
CEQ
LD 7 0
AP 1
AP 1
RTN
LDF 5330
RTN
LDF 5328
LDC 0
TSEL 7648 7648
LDC 0
TSEL 5418 5418
LDC 0
TSEL 5416 5416
LD 0 0
LDC 0
TSEL 5412 5412
LD 0 0
CDR
ATOM
TSEL 5360 5363
LD 0 0
CAR
RTN
LD 0 0
CAR
LD 0 0
CDR
CAR
LDC 0
TSEL 5390 5390
LDC 0
TSEL 5388 5388
LD 0 0
CAR
LDC 1
SUB
LDC 0
TSEL 5383 5383
LD 0 0
CDR
JOIN
LD 1 0
JOIN
LD 0 0
CAR
SEL 5378 5381
CONS
RTN
LDF 5372
RTN
LDF 5370
AP 1
AP 1
LD 0 0
CDR
CDR
CONS
LD 1 0
TAP 1
LD 3 0
LDC 0
CONS
LD 1 0
CONS
LD 0 0
AP 1
RTN
DUM 1
LDF 5356
LDF 5399
RAP 1
RTN
LDF 5407
AP 1
CDR
RTN
LDF 5353
RTN
LDF 5351
LDC 0
TSEL 7645 7645
LDC 0
TSEL 5465 5465
LD 0 0
CDR
ATOM
TSEL 5427 5430
LD 0 0
CAR
RTN
LD 0 0
CAR
LD 0 0
CDR
CAR
LDC 0
TSEL 5445 5445
LDC 0
TSEL 5443 5443
LD 0 0
LDC 1
ADD
RTN
LDF 5439
RTN
LDF 5437
AP 1
AP 1
LD 0 0
CDR
CDR
CONS
LD 1 0
TAP 1
LDC 0
LD 1 0
CONS
LD 0 0
AP 1
RTN
DUM 1
LDF 5423
LDF 5454
RAP 1
RTN
LDF 5460
LDC 0
TSEL 7642 7642
LDC 0
LDC 0
TSEL 7639 7639
LDC 1
LDC 0
TSEL 7636 7636
LDC 2
LDC 0
TSEL 7633 7633
LDC 3
LDC 0
TSEL 7630 7630
LDC 4
LDC 0
TSEL 7627 7627
LDC 5
LDC 0
TSEL 7624 7624
LDC 6
LDC 0
TSEL 7621 7621
LDC 0
LDC 0
TSEL 7618 7618
LDC 1
LDC 0
TSEL 7615 7615
LDC 2
LDC 0
TSEL 7612 7612
LDC 0
LDC 0
TSEL 7609 7609
LDC 1
LDC 0
TSEL 7606 7606
LDC 2
LDC 0
TSEL 7603 7603
LDC 3
LDC 0
TSEL 7600 7600
LDC 0
TSEL 5569 5569
LDC 0
TSEL 5567 5567
LDC 0
TSEL 5562 5562
LD 0 0
CAR
LD 0 0
CDR
LDC 1
SUB
CONS
JOIN
LDC 0
TSEL 5557 5557
LD 0 0
CAR
LDC 1
ADD
LD 0 0
CDR
CONS
JOIN
LDC 0
TSEL 5552 5552
LD 0 0
CAR
LD 0 0
CDR
LDC 1
ADD
CONS
JOIN
LD 0 0
CAR
LDC 1
SUB
LD 0 0
CDR
CONS
JOIN
LD 1 0
LD 3 0
CEQ
SEL 5536 5544
JOIN
LD 1 0
LD 4 0
CEQ
SEL 5526 5534
JOIN
LD 1 0
LD 5 0
CEQ
SEL 5516 5524
RTN
LDF 5514
RTN
LDF 5512
LDC 0
TSEL 7597 7597
LDC 0
TSEL 5610 5610
LDC 0
TSEL 5608 5608
LD 0 0
CDR
LD 1 0
CDR
CGTE
LD 116 0
AP 1
LD 0 0
CAR
LD 1 0
CAR
CGTE
LD 116 0
AP 1
LD 25 0
AP 1
AP 1
LD 0 0
CDR
LDC 0
CGTE
LD 0 0
CAR
LDC 0
CGTE
LD 25 0
AP 1
AP 1
LD 25 0
AP 1
AP 1
RTN
LDF 5576
RTN
LDF 5574
LDC 0
TSEL 7594 7594
LDC 0
TSEL 5630 5630
LDC 0
TSEL 5623 5623
LDC 0
LD 0 0
SUB
JOIN
LD 0 0
JOIN
LD 0 0
LDC 0
CGTE
LD 116 0
AP 1
SEL 5617 5621
RTN
LDF 5615
LDC 0
TSEL 7591 7591
LDC 0
TSEL 5652 5652
LDC 0
TSEL 5650 5650
LDC 0
TSEL 5643 5643
LD 1 0
JOIN
LD 0 0
JOIN
LD 1 0
LD 0 0
CGTE
LD 118 0
AP 1
SEL 5639 5641
RTN
LDF 5637
RTN
LDF 5635
LDC 0
TSEL 7588 7588
LDC 0
TSEL 5672 5672
LDC 0
TSEL 5670 5670
LDC 0
TSEL 5665 5665
LD 1 0
JOIN
LD 0 0
JOIN
LD 1 0
LD 0 0
CGT
SEL 5661 5663
RTN
LDF 5659
RTN
LDF 5657
LDC 0
TSEL 7585 7585
LDC 0
TSEL 5697 5697
LDC 0
TSEL 5695 5695
LD 1 0
CAR
LD 0 0
CAR
SUB
LD 4 0
AP 1
LD 1 0
CDR
LD 0 0
CDR
SUB
LD 4 0
AP 1
ADD
RTN
LDF 5679
RTN
LDF 5677
LDC 0
TSEL 7582 7582
LDC 0
TSEL 5713 5713
LD 0 0
CAR
CAR
LD 27 0
AP 1
LD 0 0
CAR
LD 21 0
AP 1
CONS
RTN
LDF 5702
LDC 0
TSEL 7579 7579
LDC 0
TSEL 5747 5747
LDC 0
TSEL 5745 5745
LDC 0
TSEL 5738 5738
LD 1 0
CDR
LD 0 0
CDR
CGT
LD 122 0
AP 1
JOIN
LD 1 0
CAR
LD 0 0
CAR
CGT
LD 122 0
AP 1
JOIN
LD 1 0
CAR
LD 0 0
CAR
CEQ
SEL 5722 5730
RTN
LDF 5720
RTN
LDF 5718
LDC 0
TSEL 7576 7576
LDC 0
TSEL 5773 5773
LDC 0
TSEL 5771 5771
LDC 0
TSEL 5764 5764
LD 1 0
CDR
LD 0 0
CDR
CEQ
JOIN
LDC 0
JOIN
LD 1 0
CAR
LD 0 0
CAR
CEQ
SEL 5756 5762
RTN
LDF 5754
RTN
LDF 5752
LDC 0
TSEL 7573 7573
LDC 0
LDC 0
TSEL 7570 7570
LDC 1
LDC 0
TSEL 7567 7567
LDC 2
LDC 0
TSEL 7564 7564
LDC 0
TSEL 5790 5790
LD 0 0
CAR
RTN
LDF 5787
LDC 0
TSEL 7561 7561
LDC 0
TSEL 5799 5799
LD 0 0
CDR
CAR
RTN
LDF 5795
LDC 0
TSEL 7558 7558
LDC 0
TSEL 5808 5808
LD 0 0
CDR
CDR
RTN
LDF 5804
LDC 0
TSEL 7555 7555
LDC 0
TSEL 5816 5816
LD 0 0
CAR
RTN
LDF 5813
LDC 0
TSEL 7552 7552
LDC 0
TSEL 5825 5825
LD 0 0
CDR
CAR
RTN
LDF 5821
LDC 0
TSEL 7549 7549
LDC 0
TSEL 5835 5835
LD 0 0
CDR
CDR
CAR
RTN
LDF 5830
LDC 0
TSEL 7546 7546
LDC 0
TSEL 5846 5846
LD 0 0
CDR
CDR
CDR
CAR
RTN
LDF 5840
LDC 0
TSEL 7543 7543
LDC 0
TSEL 5858 5858
LD 0 0
CDR
CDR
CDR
CDR
CAR
RTN
LDF 5851
LDC 0
TSEL 7540 7540
LDC 0
TSEL 5871 5871
LD 0 0
CDR
CDR
CDR
CDR
CDR
CAR
RTN
LDF 5863
LDC 0
TSEL 7537 7537
LDC 0
TSEL 5885 5885
LD 0 0
CDR
CDR
CDR
CDR
CDR
CDR
CAR
RTN
LDF 5876
LDC 0
TSEL 7534 7534
LDC 0
TSEL 5900 5900
LD 0 0
CDR
CDR
CDR
CDR
CDR
CDR
CDR
CAR
RTN
LDF 5890
LDC 0
TSEL 7531 7531
LDC 0
TSEL 5916 5916
LD 0 0
CDR
CDR
CDR
CDR
CDR
CDR
CDR
CDR
CAR
RTN
LDF 5905
LDC 0
TSEL 7528 7528
LDC 0
TSEL 5932 5932
LD 0 0
CDR
CDR
CDR
CDR
CDR
CDR
CDR
CDR
CDR
RTN
LDF 5921
LDC 0
TSEL 7525 7525
LDC 0
TSEL 5976 5976
LDC 0
TSEL 5974 5974
LDC 0
TSEL 5972 5972
LDC 0
TSEL 5965 5965
LD 0 0
CDR
LD 0 0
CAR
LD 1 0
LD 116 0
AP 1
AP 1
AP 1
LDC 0
TSEL 5960 5960
LD 0 0
LD 42 0
CEQ
LD 142 0
AP 1
RTN
LDF 5954
AP 1
JOIN
LDC 0
JOIN
LD 0 0
LD 2 0
LD 26 0
AP 1
AP 1
SEL 5943 5963
RTN
LDF 5941
RTN
LDF 5939
RTN
LDF 5937
LDC 0
TSEL 7522 7522
LDC 0
TSEL 6020 6020
LDC 0
TSEL 6018 6018
LDC 0
TSEL 6009 6009
LD 0 0
CDR
LD 0 0
CAR
LD 1 0
LD 11 0
AP 1
LD 116 0
AP 1
AP 1
AP 1
LDC 0
TSEL 6004 6004
LD 0 0
LD 42 0
CEQ
LD 142 0
AP 1
RTN
LDF 5998
AP 1
JOIN
LDC 0
JOIN
LD 0 0
LD 1 0
LD 12 0
AP 1
LD 26 0
AP 1
AP 1
SEL 5985 6007
RTN
LDF 5983
RTN
LDF 5981
LDC 0
TSEL 7519 7519
LDC 0
TSEL 6043 6043
LDC 0
TSEL 6041 6041
LD 1 0
LD 10 0
AP 1
CDR
CAR
LD 0 0
LD 28 0
AP 1
AP 1
LD 1 0
LD 2 0
AP 1
AP 1
RTN
LDF 6027
RTN
LDF 6025
LDC 0
TSEL 7516 7516
LDC 0
TSEL 6110 6110
LDC 0
TSEL 6108 6108
LD 1 0
LD 10 0
AP 1
LDC 0
TSEL 6105 6105
LD 0 0
CDR
ATOM
TSEL 6059 6062
LD 0 0
CAR
RTN
LD 0 0
CAR
LD 0 0
CDR
CAR
LDC 0
TSEL 6085 6085
LDC 0
TSEL 6083 6083
LD 5 0
LD 1 0
CDR
CAR
LD 29 0
AP 1
AP 1
LD 0 0
LD 31 0
AP 1
AP 1
RTN
LDF 6071
RTN
LDF 6069
AP 1
AP 1
LD 0 0
CDR
CDR
CONS
LD 1 0
TAP 1
LDC 512
LD 1 0
CONS
LD 0 0
AP 1
RTN
DUM 1
LDF 6055
LDF 6094
RAP 1
RTN
LDF 6100
AP 1
RTN
LDF 6050
RTN
LDF 6048
LDC 0
TSEL 7513 7513
LDC 0
TSEL 6121 6121
LDC 0
TSEL 6119 6119
LDC 0
RTN
LDF 6117
RTN
LDF 6115
LDC 0
TSEL 7510 7510
LDC 0
TSEL 6185 6185
LDC 0
TSEL 6183 6183
LD 1 0
LD 13 0
AP 1
CDR
CAR
LD 0 0
LD 31 0
AP 1
AP 1
LDC 0
TSEL 6180 6180
LDC 0
TSEL 6173 6173
LD 0 0
LD 2 0
LD 3 0
AP 1
AP 1
LDC 0
TSEL 6166 6166
LD 1 0
LD 3 0
LD 5 0
AP 1
AP 1
LDC 0
TSEL 6163 6163
LDC 3
LD 0 0
MUL
LDC 5
LD 1 0
MUL
SUB
RTN
LDF 6155
AP 1
RTN
LDF 6148
AP 1
JOIN
LDC 0
LDC 10000000
SUB
JOIN
LD 1 0
LD 2 0
LD 5 0
AP 1
AP 1
SEL 6141 6169
RTN
LDF 6139
AP 1
RTN
LDF 6128
RTN
LDF 6126
LDC 0
TSEL 7507 7507
LDC 0
TSEL 6295 6295
LD 35 0
LD 0 0
LD 1 0
AP 1
AP 1
LDC 0
TSEL 6292 6292
LD 34 0
LD 1 0
LD 2 0
AP 1
AP 1
LDC 0
TSEL 6289 6289
LD 36 0
LD 2 0
LD 3 0
AP 1
AP 1
LDC 0
TSEL 6286 6286
LD 35 0
LD 3 0
LD 4 0
AP 1
AP 1
LDC 0
TSEL 6283 6283
LDC 0
TSEL 6278 6278
LDC 0
TSEL 6244 6244
LDC 0
TSEL 6228 6228
LD 39 0
JOIN
LD 36 0
JOIN
LD 3 0
LD 0 0
CGTE
SEL 6224 6226
JOIN
LDC 0
TSEL 6239 6239
LD 38 0
JOIN
LD 36 0
JOIN
LD 1 0
LD 0 0
CGTE
SEL 6235 6237
JOIN
LD 3 0
LD 1 0
CGTE
SEL 6222 6233
JOIN
LDC 0
TSEL 6273 6273
LDC 0
TSEL 6257 6257
LD 37 0
JOIN
LD 36 0
JOIN
LD 2 0
LD 0 0
CGTE
SEL 6253 6255
JOIN
LDC 0
TSEL 6268 6268
LD 38 0
JOIN
LD 36 0
JOIN
LD 1 0
LD 0 0
CGTE
SEL 6264 6266
JOIN
LD 2 0
LD 1 0
CGTE
SEL 6251 6262
JOIN
LD 3 0
LD 2 0
CGTE
SEL 6220 6249
RTN
LDF 6218
AP 1
RTN
LDF 6211
AP 1
RTN
LDF 6204
AP 1
RTN
LDF 6197
AP 1
RTN
LDF 6190
LDC 0
TSEL 7504 7504
LDC 0
TSEL 6424 6424
LD 0 0
LDC 0
TSEL 6420 6420
LD 0 0
CDR
ATOM
TSEL 6307 6310
LD 0 0
CAR
RTN
LD 0 0
CAR
LD 0 0
CDR
CAR
LDC 0
TSEL 6398 6398
LDC 0
TSEL 6396 6396
LD 1 0
LDC 0
TSEL 6381 6381
LD 0 0
CDR
ATOM
TSEL 6326 6329
LD 0 0
CAR
RTN
LD 0 0
CAR
LD 0 0
CDR
CAR
LDC 0
TSEL 6358 6358
LDC 0
TSEL 6356 6356
LD 0 0
CAR
LDC 1
ADD
LD 1 0
LD 5 0
CAR
LD 0 0
CAR
LD 0 0
CDR
LD 129 0
AP 1
AP 1
AP 1
AP 1
CONS
RTN
LDF 6338
RTN
LDF 6336
AP 1
AP 1
LD 0 0
CDR
CDR
CONS
LD 1 0
TAP 1
LDC 0
LD 2 0
CDR
CONS
LD 1 0
CONS
LD 0 0
AP 1
RTN
DUM 1
LDF 6322
LDF 6367
RAP 1
RTN
LDF 6376
AP 1
LDC 0
TSEL 6393 6393
LD 1 0
CAR
LDC 1
ADD
LD 0 0
CDR
CONS
RTN
LDF 6385
AP 1
RTN
LDF 6319
RTN
LDF 6317
AP 1
AP 1
LD 0 0
CDR
CDR
CONS
LD 1 0
TAP 1
LDC 0
LD 120 0
CONS
LD 1 0
CONS
LD 0 0
AP 1
RTN
DUM 1
LDF 6303
LDF 6407
RAP 1
RTN
LDF 6415
AP 1
CDR
RTN
LDF 6300
LDC 0
TSEL 7501 7501
LDC 0
TSEL 6568 6568
LDC 0
TSEL 6566 6566
LD 1 0
CAR
LDC 0
TSEL 6555 6555
LD 0 0
CDR
TSEL 6438 6541
LD 0 0
CAR
LD 0 0
CDR
LDC 0
TSEL 6531 6531
LDC 0
TSEL 6529 6529
LD 6 0
CAR
LD 1 0
SUB
LDC 0
TSEL 6526 6526
LD 7 0
CDR
LDC 0
TSEL 6523 6523
LD 0 0
CDR
TSEL 6459 6509
LD 0 0
CAR
LD 0 0
CDR
LDC 0
TSEL 6499 6499
LDC 0
TSEL 6497 6497
LD 12 0
CDR
LD 1 0
SUB
LDC 0
TSEL 6494 6494
LDC 0
TSEL 6483 6483
LD 6 0
LD 0 0
CONS
LD 1 0
CONS
JOIN
LD 1 0
JOIN
LD 0 0
LD 6 0
LD 12 0
LD 135 0
AP 1
AP 1
AP 1
LD 58 0
CEQ
SEL 6475 6481
RTN
LDF 6473
AP 1
RTN
LDF 6467
RTN
LDF 6465
AP 1
AP 1
LD 0 0
CDR
LDC 1
SUB
CONS
LD 1 0
TAP 1
LD 0 0
CAR
RTN
LD 3 0
LD 1 0
CONS
LD 0 0
AP 1
RTN
DUM 1
LDF 6456
LDF 6512
RAP 1
RTN
LDF 6518
AP 1
RTN
LDF 6452
AP 1
RTN
LDF 6446
RTN
LDF 6444
AP 1
AP 1
LD 0 0
CDR
LDC 1
SUB
CONS
LD 1 0
TAP 1
LD 0 0
CAR
RTN
LDC 0
LD 1 0
CONS
LD 0 0
AP 1
RTN
DUM 1
LDF 6435
LDF 6544
RAP 1
RTN
LDF 6550
AP 1
LDC 0
TSEL 6563 6563
LD 0 0
LD 72 0
AP 1
RTN
LDF 6559
AP 1
RTN
LDF 6431
RTN
LDF 6429
LDC 0
TSEL 7498 7498
LDC 0
TSEL 6712 6712
LDC 0
TSEL 6710 6710
LD 1 0
CAR
LDC 0
TSEL 6699 6699
LD 0 0
CDR
TSEL 6582 6685
LD 0 0
CAR
LD 0 0
CDR
LDC 0
TSEL 6675 6675
LDC 0
TSEL 6673 6673
LD 6 0
CAR
LD 1 0
SUB
LDC 0
TSEL 6670 6670
LD 7 0
CDR
LDC 0
TSEL 6667 6667
LD 0 0
CDR
TSEL 6603 6653
LD 0 0
CAR
LD 0 0
CDR
LDC 0
TSEL 6643 6643
LDC 0
TSEL 6641 6641
LD 12 0
CDR
LD 1 0
SUB
LDC 0
TSEL 6638 6638
LDC 0
TSEL 6627 6627
LD 6 0
LD 0 0
CONS
LD 1 0
CONS
JOIN
LD 1 0
JOIN
LD 0 0
LD 6 0
LD 12 0
LD 136 0
AP 1
AP 1
AP 1
LD 58 0
CEQ
SEL 6619 6625
RTN
LDF 6617
AP 1
RTN
LDF 6611
RTN
LDF 6609
AP 1
AP 1
LD 0 0
CDR
LDC 1
SUB
CONS
LD 1 0
TAP 1
LD 0 0
CAR
RTN
LD 3 0
LD 1 0
CONS
LD 0 0
AP 1
RTN
DUM 1
LDF 6600
LDF 6656
RAP 1
RTN
LDF 6662
AP 1
RTN
LDF 6596
AP 1
RTN
LDF 6590
RTN
LDF 6588
AP 1
AP 1
LD 0 0
CDR
LDC 1
SUB
CONS
LD 1 0
TAP 1
LD 0 0
CAR
RTN
LDC 0
LD 1 0
CONS
LD 0 0
AP 1
RTN
DUM 1
LDF 6579
LDF 6688
RAP 1
RTN
LDF 6694
AP 1
LDC 0
TSEL 6707 6707
LD 0 0
LD 73 0
AP 1
RTN
LDF 6703
AP 1
RTN
LDF 6575
RTN
LDF 6573
LDC 0
TSEL 7495 7495
LDC 0
TSEL 6855 6855
LDC 0
TSEL 6853 6853
LD 1 0
CAR
LDC 0
TSEL 6843 6843
LD 0 0
CDR
TSEL 6726 6829
LD 0 0
CAR
LD 0 0
CDR
LDC 0
TSEL 6819 6819
LDC 0
TSEL 6817 6817
LD 6 0
CAR
LD 1 0
SUB
LDC 0
TSEL 6814 6814
LD 7 0
CDR
LDC 0
TSEL 6811 6811
LD 0 0
CDR
TSEL 6747 6797
LD 0 0
CAR
LD 0 0
CDR
LDC 0
TSEL 6787 6787
LDC 0
TSEL 6785 6785
LD 12 0
CDR
LD 1 0
SUB
LDC 0
TSEL 6782 6782
LDC 0
TSEL 6771 6771
LD 6 0
LD 0 0
CONS
LD 1 0
CONS
JOIN
LD 1 0
JOIN
LD 0 0
LD 6 0
LD 12 0
LD 137 0
AP 1
AP 1
AP 1
LD 58 0
CEQ
SEL 6763 6769
RTN
LDF 6761
AP 1
RTN
LDF 6755
RTN
LDF 6753
AP 1
AP 1
LD 0 0
CDR
LDC 1
SUB
CONS
LD 1 0
TAP 1
LD 0 0
CAR
RTN
LD 3 0
LD 1 0
CONS
LD 0 0
AP 1
RTN
DUM 1
LDF 6744
LDF 6800
RAP 1
RTN
LDF 6806
AP 1
RTN
LDF 6740
AP 1
RTN
LDF 6734
RTN
LDF 6732
AP 1
AP 1
LD 0 0
CDR
LDC 1
SUB
CONS
LD 1 0
TAP 1
LD 0 0
CAR
RTN
LDC 0
LD 1 0
CONS
LD 0 0
AP 1
RTN
DUM 1
LDF 6723
LDF 6832
RAP 1
RTN
LDF 6838
AP 1
LDC 0
TSEL 6850 6850
LD 0 0
CAR
RTN
LDF 6847
AP 1
RTN
LDF 6719
RTN
LDF 6717
LDC 0
TSEL 7492 7492
LDC 0
TSEL 6920 6920
LD 0 0
LDC 0
TSEL 6908 6908
LDC 0
TSEL 6906 6906
LDC 0
TSEL 6904 6904
LDC 0
TSEL 6902 6902
LD 0 0
LD 3 0
LD 42 0
AP 1
AP 1
LDC 0
TSEL 6899 6899
LDC 0
TSEL 6890 6890
LD 0 0
LD 2 0
LD 3 0
LD 4 0
LD 6 0
AP 1
AP 1
AP 1
AP 1
JOIN
LD 1 0
JOIN
LD 0 0
LD 2 0
LD 3 0
LD 18 0
AP 1
AP 1
AP 1
SEL 6878 6888
RTN
LDF 6876
AP 1
RTN
LDF 6869
RTN
LDF 6867
RTN
LDF 6865
RTN
LDF 6863
AP 1
RTN
LD 1 0
LD 0 0
AP 1
RTN
DUM 1
LDF 6860
LDF 6911
RAP 1
RTN
LDF 6915
LDC 0
TSEL 7489 7489
LDC 0
TSEL 7330 7330
LDC 0
TSEL 7328 7328
LD 1 0
CAR
LDC 0
TSEL 7179 7179
LD 0 0
CDR
TSEL 6934 7165
LD 0 0
CAR
LD 0 0
CDR
LDC 0
TSEL 7155 7155
LDC 0
TSEL 7153 7153
LD 6 0
CAR
LD 1 0
SUB
LDC 0
TSEL 7150 7150
LD 7 0
CDR
LDC 0
TSEL 7147 7147
LD 0 0
CDR
TSEL 6955 7133
LD 0 0
CAR
LD 0 0
CDR
LDC 0
TSEL 7123 7123
LDC 0
TSEL 7121 7121
LD 12 0
CDR
LD 1 0
SUB
LDC 0
TSEL 7118 7118
LDC 0
TSEL 7105 7105
LD 1 0
JOIN
LDC 0
TSEL 7046 7046
LD 1 0
JOIN
LDC 0
TSEL 6987 6987
LD 1 0
JOIN
LD 6 0
LD 0 0
CONS
LD 1 0
CONS
JOIN
LD 6 0
LDC 1
SUB
LD 0 0
CONS
LD 12 0
LD 13 0
LD 25 0
AP 1
AP 1
AP 1
LD 164 0
AP 1
LD 6 0
LDC 1
ADD
LD 0 0
CONS
LD 12 0
LD 13 0
LD 25 0
AP 1
AP 1
AP 1
LD 164 0
AP 1
LD 73 0
AP 1
AP 1
LD 6 0
LD 0 0
LDC 1
SUB
CONS
LD 12 0
LD 13 0
LD 25 0
AP 1
AP 1
AP 1
LD 6 0
LD 0 0
LDC 1
ADD
CONS
LD 12 0
LD 13 0
LD 25 0
AP 1
AP 1
AP 1
LD 73 0
AP 1
AP 1
LD 73 0
AP 1
AP 1
SEL 6979 6981
JOIN
LD 6 0
LD 0 0
LDC 1
SUB
CONS
LD 12 0
LD 13 0
LD 25 0
AP 1
AP 1
AP 1
LD 164 0
AP 1
LD 6 0
LD 0 0
LDC 1
ADD
CONS
LD 12 0
LD 13 0
LD 25 0
AP 1
AP 1
AP 1
LD 164 0
AP 1
LD 73 0
AP 1
AP 1
LD 6 0
LDC 1
SUB
LD 0 0
CONS
LD 12 0
LD 13 0
LD 25 0
AP 1
AP 1
AP 1
LD 6 0
LDC 1
ADD
LD 0 0
CONS
LD 12 0
LD 13 0
LD 25 0
AP 1
AP 1
AP 1
LD 73 0
AP 1
AP 1
LD 73 0
AP 1
AP 1
SEL 6975 6977
JOIN
LD 6 0
LD 0 0
CONS
LD 12 0
LD 13 0
LD 25 0
AP 1
AP 1
AP 1
LD 164 0
AP 1
SEL 6971 6973
RTN
LDF 6969
AP 1
RTN
LDF 6963
RTN
LDF 6961
AP 1
AP 1
LD 0 0
CDR
LDC 1
SUB
CONS
LD 1 0
TAP 1
LD 0 0
CAR
RTN
LD 3 0
LD 1 0
CONS
LD 0 0
AP 1
RTN
DUM 1
LDF 6952
LDF 7136
RAP 1
RTN
LDF 7142
AP 1
RTN
LDF 6948
AP 1
RTN
LDF 6942
RTN
LDF 6940
AP 1
AP 1
LD 0 0
CDR
LDC 1
SUB
CONS
LD 1 0
TAP 1
LD 0 0
CAR
RTN
LDC 0
LD 1 0
CONS
LD 0 0
AP 1
RTN
DUM 1
LDF 6931
LDF 7168
RAP 1
RTN
LDF 7174
AP 1
LDC 0
TSEL 7325 7325
LD 0 0
LD 76 0
AP 1
LDC 0
TSEL 7322 7322
LD 1 0
LDC 0
TSEL 7301 7301
LD 0 0
CDR
ATOM
TSEL 7195 7198
LD 0 0
CAR
RTN
LD 0 0
CAR
LD 0 0
CDR
CAR
LDC 0
TSEL 7281 7281
LDC 0
TSEL 7279 7279
LD 1 0
LD 7 0
LD 8 0
LD 49 0
LD 9 0
AP 1
AP 1
AP 1
AP 1
LDC 0
TSEL 7276 7276
LD 2 0
LD 8 0
LD 9 0
LD 47 0
LD 10 0
AP 1
AP 1
AP 1
AP 1
LDC 0
TSEL 7273 7273
LDC 0
TSEL 7239 7239
LD 2 0
JOIN
LD 1 0
LD 3 0
CONS
LD 2 0
CONS
JOIN
LD 3 0
LD 1 0
LD 39 0
AP 1
AP 1
SEL 7231 7233
LDC 0
TSEL 7270 7270
LDC 0
TSEL 7257 7257
LD 3 0
JOIN
LD 1 0
LD 4 0
CONS
LD 0 0
CONS
JOIN
LD 4 0
LD 1 0
LD 40 0
AP 1
AP 1
SEL 7249 7251
LDC 0
TSEL 7267 7267
LD 0 0
RTN
LDF 7265
AP 1
RTN
LDF 7247
AP 1
RTN
LDF 7229
AP 1
RTN
LDF 7218
AP 1
RTN
LDF 7207
RTN
LDF 7205
AP 1
AP 1
LD 0 0
CDR
CDR
CONS
LD 1 0
TAP 1
LDC 0
LD 1 0
CONS
LD 0 0
AP 1
RTN
DUM 1
LDF 7191
LDF 7290
RAP 1
RTN
LDF 7296
AP 1
LDC 0
TSEL 7319 7319
LD 0 0
LD 67 0
AP 1
LDC 0
TSEL 7316 7316
LD 2 0
LD 0 0
LD 100 0
CONS
CONS
RTN
LDF 7310
AP 1
RTN
LDF 7305
AP 1
RTN
LDF 7188
AP 1
RTN
LDF 7183
AP 1
RTN
LDF 6927
RTN
LDF 6925
LDC 0
TSEL 7486 7486
LDC 0
TSEL 7396 7396
LD 0 0
LD 32 0
AP 1
LDC 0
TSEL 7393 7393
LD 1 0
CAR
LD 7 0
AP 1
LDC 0
TSEL 7390 7390
LD 1 0
LD 0 0
LD 0 0
LD 1 0
LD 3 0
AP 1
AP 1
LD 2 0
CDR
CAR
LD 2 0
CDR
CDR
CAR
LD 2 0
CDR
CDR
CDR
LDC 1
LD 0 0
LD 1 0
LD 7 0
AP 1
AP 1
LD 0 0
LD 1 0
LD 6 0
AP 1
AP 1
LD 0 0
LD 1 0
LD 5 0
AP 1
AP 1
CONS
CONS
CONS
CONS
CONS
CONS
CONS
CONS
CONS
RTN
LDF 7346
AP 1
RTN
LDF 7340
AP 1
RTN
LDF 7335
LDC 0
TSEL 7483 7483
LDC 0
TSEL 7457 7457
LDC 0
TSEL 7455 7455
LD 1 0
LD 25 0
AP 1
LD 1 0
LD 24 0
AP 1
LD 1 0
LD 23 0
AP 1
LD 0 0
CDR
CAR
LD 0 0
CDR
CDR
CAR
LD 0 0
CDR
CDR
CDR
LD 1 0
LD 19 0
AP 1
LD 1 0
LD 18 0
AP 1
LD 1 0
LD 17 0
AP 1
LD 1 0
LD 16 0
AP 1
CONS
CONS
CONS
CONS
CONS
CONS
CONS
CONS
CONS
LDC 0
TSEL 7452 7452
LD 0 0
LD 0 0
LD 10 0
AP 1
CONS
RTN
LDF 7446
AP 1
RTN
LDF 7403
RTN
LDF 7401
LDC 0
TSEL 7480 7480
LDC 0
TSEL 7472 7472
LDC 0
TSEL 7470 7470
LD 1 0
LD 3 0
AP 1
LD 2 0
CONS
RTN
LDF 7464
RTN
LDF 7462
LDC 0
TSEL 7477 7477
LD 0 0
RTN
LDF 7475
AP 1
RTN
LDF 7460
AP 1
RTN
LDF 7399
AP 1
RTN
LDF 7333
AP 1
RTN
LDF 6923
AP 1
RTN
LDF 6858
AP 1
RTN
LDF 6715
AP 1
RTN
LDF 6571
AP 1
RTN
LDF 6427
AP 1
RTN
LDF 6298
AP 1
RTN
LDF 6188
AP 1
RTN
LDF 6124
AP 1
RTN
LDF 6113
AP 1
RTN
LDF 6046
AP 1
RTN
LDF 6023
AP 1
RTN
LDF 5979
AP 1
RTN
LDF 5935
AP 1
RTN
LDF 5919
AP 1
RTN
LDF 5903
AP 1
RTN
LDF 5888
AP 1
RTN
LDF 5874
AP 1
RTN
LDF 5861
AP 1
RTN
LDF 5849
AP 1
RTN
LDF 5838
AP 1
RTN
LDF 5828
AP 1
RTN
LDF 5819
AP 1
RTN
LDF 5811
AP 1
RTN
LDF 5802
AP 1
RTN
LDF 5793
AP 1
RTN
LDF 5785
AP 1
RTN
LDF 5782
AP 1
RTN
LDF 5779
AP 1
RTN
LDF 5776
AP 1
RTN
LDF 5750
AP 1
RTN
LDF 5716
AP 1
RTN
LDF 5700
AP 1
RTN
LDF 5675
AP 1
RTN
LDF 5655
AP 1
RTN
LDF 5633
AP 1
RTN
LDF 5613
AP 1
RTN
LDF 5572
AP 1
RTN
LDF 5510
AP 1
RTN
LDF 5507
AP 1
RTN
LDF 5504
AP 1
RTN
LDF 5501
AP 1
RTN
LDF 5498
AP 1
RTN
LDF 5495
AP 1
RTN
LDF 5492
AP 1
RTN
LDF 5489
AP 1
RTN
LDF 5486
AP 1
RTN
LDF 5483
AP 1
RTN
LDF 5480
AP 1
RTN
LDF 5477
AP 1
RTN
LDF 5474
AP 1
RTN
LDF 5471
AP 1
RTN
LDF 5468
AP 1
RTN
LDF 5421
AP 1
RTN
LDF 5349
AP 1
RTN
LDF 5326
AP 1
RTN
LDF 5279
AP 1
RTN
LDF 5205
AP 1
RTN
LDF 5158
AP 1
RTN
LDF 5111
AP 1
RTN
LDF 5039
AP 1
RTN
LDF 5021
AP 1
RTN
LDF 5003
AP 1
RTN
LDF 4972
AP 1
RTN
LDF 4943
AP 1
RTN
LDF 4785
AP 1
RTN
LDF 4764
AP 1
RTN
LDF 4759
AP 1
RTN
LDF 4712
AP 1
RTN
LDF 4649
AP 1
RTN
LDF 4578
AP 1
RTN
LDF 4525
AP 1
RTN
LDF 4423
AP 1
RTN
LDF 4364
AP 1
RTN
LDF 4333
AP 1
RTN
LDF 4304
AP 1
RTN
LDF 4146
AP 1
RTN
LDF 4125
AP 1
RTN
LDF 4120
AP 1
RTN
LDF 4073
AP 1
RTN
LDF 4010
AP 1
RTN
LDF 3939
AP 1
RTN
LDF 3886
AP 1
RTN
LDF 3852
AP 1
RTN
LDF 3818
AP 1
RTN
LDF 3787
AP 1
RTN
LDF 3758
AP 1
RTN
LDF 3600
AP 1
RTN
LDF 3579
AP 1
RTN
LDF 3574
AP 1
RTN
LDF 3527
AP 1
RTN
LDF 3464
AP 1
RTN
LDF 3393
AP 1
RTN
LDF 3340
AP 1
RTN
LDF 3325
AP 1
RTN
LDF 3312
AP 1
RTN
LDF 3303
AP 1
RTN
LDF 3290
AP 1
RTN
LDF 3118
AP 1
RTN
LDF 3105
AP 1
RTN
LDF 2993
AP 1
RTN
LDF 2984
AP 1
RTN
LDF 2971
AP 1
RTN
LDF 2799
AP 1
RTN
LDF 2786
AP 1
RTN
LDF 2674
AP 1
RTN
LDF 2665
AP 1
RTN
LDF 2652
AP 1
RTN
LDF 2480
AP 1
RTN
LDF 2467
AP 1
RTN
LDF 2355
AP 1
RTN
LDF 2346
AP 1
RTN
LDF 2333
AP 1
RTN
LDF 2161
AP 1
RTN
LDF 2148
AP 1
RTN
LDF 2036
AP 1
RTN
LDF 2027
AP 1
RTN
LDF 2014
AP 1
RTN
LDF 1842
AP 1
RTN
LDF 1829
AP 1
RTN
LDF 1717
AP 1
RTN
LDF 1714
AP 1
RTN
LDF 1687
AP 1
RTN
LDF 1664
AP 1
RTN
LDF 1655
AP 1
RTN
LDF 1642
AP 1
RTN
LDF 1470
AP 1
RTN
LDF 1457
AP 1
RTN
LDF 1345
AP 1
RTN
LDF 1336
AP 1
RTN
LDF 1323
AP 1
RTN
LDF 1151
AP 1
RTN
LDF 1138
AP 1
RTN
LDF 1026
AP 1
RTN
LDF 1017
AP 1
RTN
LDF 1004
AP 1
RTN
LDF 832
AP 1
RTN
LDF 819
AP 1
RTN
LDF 707
AP 1
RTN
LDF 698
AP 1
RTN
LDF 685
AP 1
RTN
LDF 513
AP 1
RTN
LDF 500
AP 1
RTN
LDF 388
AP 1
RTN
LDF 379
AP 1
RTN
LDF 366
AP 1
RTN
LDF 194
AP 1
RTN
LDF 181
AP 1
RTN
LDF 69
AP 1
RTN
LDF 66
AP 1
RTN
LDF 39
AP 1
RTN
LDF 16
AP 1
AP 1
AP 1
LDF 7946
AP 1
RTN
LD 0 0
CAR
LDF 7951
CONS
RTN
LD 0 1
LD 0 0
LD 1 0
CDR
AP 1
AP 1
RTN
