  INT 1
  MOV [10],A
  MOV [11],B
  INT 3
  INT 5
  SUB A,[20]
  SUB B,[21]
  JEQ 11,A,255
  JEQ 11,A,0
  JEQ 11,A,1
  MOV PC,14
  JEQ 19,B,255
  JEQ 19,B,0
  JEQ 19,B,1
  MOV F,100
  MOV [F],0
  INC F
  JLT 15,F,200
  INT 8
  INT 3
  INT 5
  MOV [20],A
  MOV [21],B
  INT 3
  INT 6
  MOV [30],A
  MOV [31],B
  MOV [0],1
  MOV [1],1
  MOV [2],1
  MOV [3],1
  MOV [4],4
  ADD B,2
  JLT 35,B,4
  SUB B,4
  MOV [B],0
  MOV C,[20]
  MOV D,[21]
  MOV E,[21]
  MOV F,[21]
  DEC D
  INC F
  DEC C
  MOV A,C
  MOV B,E
  INT 7
  JEQ 62,A,0
  MOV A,C
  MOV B,D
  INT 7
  JGT 64,A,0
  MOV A,C
  MOV B,F
  INT 7
  JGT 64,A,0
  MOV A,C
  MOV B,E
  XOR A,[10]
  XOR B,[11]
  OR A,B
  JEQ 64,A,0
  MOV PC,42
  MOV [3],0
  DEC [4]
  MOV C,[20]
  MOV D,[21]
  MOV E,[21]
  MOV F,[21]
  DEC D
  INC F
  INC C
  MOV A,C
  MOV B,E
  INT 7
  JEQ 90,A,0
  MOV A,C
  MOV B,D
  INT 7
  JGT 92,A,0
  MOV A,C
  MOV B,F
  INT 7
  JGT 92,A,0
  MOV A,C
  MOV B,E
  XOR A,[10]
  XOR B,[11]
  OR A,B
  JEQ 92,A,0
  MOV PC,70
  MOV [1],0
  DEC [4]
  MOV C,[21]
  MOV D,[20]
  MOV E,[20]
  MOV F,[20]
  DEC D
  INC F
  DEC C
  MOV A,E
  MOV B,C
  INT 7
  JEQ 118,A,0
  MOV A,D
  MOV B,C
  INT 7
  JGT 120,A,0
  MOV A,F
  MOV B,C
  INT 7
  JGT 120,A,0
  MOV A,E
  MOV B,C
  XOR A,[10]
  XOR B,[11]
  OR A,B
  JEQ 120,A,0
  MOV PC,98
  MOV [0],0
  DEC [4]
  MOV C,[21]
  MOV D,[20]
  MOV E,[20]
  MOV F,[20]
  DEC D
  INC F
  INC C
  MOV A,E
  MOV B,C
  INT 7
  JEQ 146,A,0
  MOV A,D
  MOV B,C
  INT 7
  JGT 148,A,0
  MOV A,F
  MOV B,C
  INT 7
  JGT 148,A,0
  MOV A,E
  MOV B,C
  XOR A,[10]
  XOR B,[11]
  OR A,B
  JEQ 148,A,0
  MOV PC,126
  MOV [2],0
  DEC [4]
  JEQ 213,[30],1
  MOV F,10
  MOV A,F
  MUL A,3
  ADD A,100
  MOV B,A
  INC B
  MOV C,B
  INC C
  JEQ 159,[20],[A]
  MOV PC,163
  JEQ 161,[21],[B]
  MOV PC,163
  MOV D,[C]
  MOV [D],0
  JLT 174,[4],3
  MOV D,A
  MOV E,A
  ADD E,3
  MOV [E],[D]
  INC D
  INC E
  MOV [E],[D]
  INC D
  INC E
  MOV [E],[D]
  DEC F
  JLT 150,F,255
  MOV A,[31]
  MOV [5],0
  JEQ 183,[3],0
  JEQ 183,[20],[10]
  JLT 183,[20],[10]
  MOV A,3
  INC [5]
  JEQ 188,[2],0
  JEQ 188,[21],[11]
  JGT 188,[21],[11]
  MOV A,2
  INC [5]
  JEQ 193,[1],0
  JEQ 193,[20],[10]
  JGT 193,[20],[10]
  MOV A,1
  INC [5]
  JEQ 198,[0],0
  JEQ 198,[21],[11]
  JLT 198,[21],[11]
  MOV A,0
  INC [5]
  JGT 207,[5],0
  JEQ 201,[3],0
  MOV A,3
  JEQ 203,[2],0
  MOV A,2
  JEQ 205,[1],0
  MOV A,1
  JEQ 207,[0],0
  MOV A,0
  JLT 211,[4],3
  MOV [100],[20]
  MOV [101],[21]
  MOV [102],A
  INT 0
  HLT
  MOV A,[31]
  JEQ 217,[3],0
  JGT 217,[20],[10]
  MOV A,3
  JEQ 220,[2],0
  JLT 220,[21],[11]
  MOV A,2
  JEQ 223,[1],0
  JLT 223,[20],[10]
  MOV A,1
  JEQ 226,[0],0
  JGT 226,[21],[11]
  MOV A,0
  INT 0
  HLT
